Start testing: Sep 12 02:06 EDT
----------------------------------------------------------
1/167 Testing: GeoConvert0
1/167 Test: GeoConvert0
Command: "/home/a/catkin_ws/src/GeographicLib-1.50.1/BUILD/tools/GeoConvert" "-p" "-3" "-m" "--input-string" "33.3 44.4"
Directory: /home/a/catkin_ws/src/GeographicLib-1.50.1/BUILD
"GeoConvert0" start time: Sep 12 02:06 EDT
Output:
----------------------------------------------------------
38SMB4484
<end of output>
Test time =   0.00 sec
----------------------------------------------------------
Test Pass Reason:
Required regular expression found.Regex=[38SMB4484
]
"GeoConvert0" end time: Sep 12 02:06 EDT
"GeoConvert0" time elapsed: 00:00:00
----------------------------------------------------------

2/167 Testing: GeoConvert1
2/167 Test: GeoConvert1
Command: "/home/a/catkin_ws/src/GeographicLib-1.50.1/BUILD/tools/GeoConvert" "-d" "--input-string" "38smb"
Directory: /home/a/catkin_ws/src/GeographicLib-1.50.1/BUILD
"GeoConvert1" start time: Sep 12 02:06 EDT
Output:
----------------------------------------------------------
32d59'14.1"N 044d27'53.4"E
<end of output>
Test time =   0.00 sec
----------------------------------------------------------
Test Pass Reason:
Required regular expression found.Regex=[32d59'14\.1"N 044d27'53\.4"E
]
"GeoConvert1" end time: Sep 12 02:06 EDT
"GeoConvert1" time elapsed: 00:00:00
----------------------------------------------------------

3/167 Testing: GeoConvert2
3/167 Test: GeoConvert2
Command: "/home/a/catkin_ws/src/GeographicLib-1.50.1/BUILD/tools/GeoConvert" "-p" "-2" "--input-string" "30d30'30" 30.50833"
Directory: /home/a/catkin_ws/src/GeographicLib-1.50.1/BUILD
"GeoConvert2" start time: Sep 12 02:06 EDT
Output:
----------------------------------------------------------
30.508 30.508
<end of output>
Test time =   0.00 sec
----------------------------------------------------------
Test Pass Reason:
Required regular expression found.Regex=[30\.508 30\.508
]
"GeoConvert2" end time: Sep 12 02:06 EDT
"GeoConvert2" time elapsed: 00:00:00
----------------------------------------------------------

4/167 Testing: GeoConvert3
4/167 Test: GeoConvert3
Command: "/home/a/catkin_ws/src/GeographicLib-1.50.1/BUILD/tools/GeoConvert" "--junk"
Directory: /home/a/catkin_ws/src/GeographicLib-1.50.1/BUILD
"GeoConvert3" start time: Sep 12 02:06 EDT
Output:
----------------------------------------------------------
Usage:
    GeoConvert [ -g | -d | -: | -u | -m | -c ] [ -z zone | -s | -t | -S |
    -T ] [ -n ] [ -w ] [ -p prec ] [ -l | -a ] [ --comment-delimiter
    commentdelim ] [ --version | -h | --help ] [ --input-file infile |
    --input-string instring ] [ --line-separator linesep ] [ --output-file
    outfile ]

For full documentation type:
    GeoConvert --help
or visit:
    https://geographiclib.sourceforge.io/1.50.1/GeoConvert.1.html
<end of output>
Test time =   0.00 sec
----------------------------------------------------------
Test Passed.
"GeoConvert3" end time: Sep 12 02:06 EDT
"GeoConvert3" time elapsed: 00:00:00
----------------------------------------------------------

5/167 Testing: GeoConvert4
5/167 Test: GeoConvert4
Command: "/home/a/catkin_ws/src/GeographicLib-1.50.1/BUILD/tools/GeoConvert" "--input-string" "garbage"
Directory: /home/a/catkin_ws/src/GeographicLib-1.50.1/BUILD
"GeoConvert4" start time: Sep 12 02:06 EDT
Output:
----------------------------------------------------------
ERROR: Band letter g not in UPS set ABYZ
<end of output>
Test time =   0.00 sec
----------------------------------------------------------
Test Passed.
"GeoConvert4" end time: Sep 12 02:06 EDT
"GeoConvert4" time elapsed: 00:00:00
----------------------------------------------------------

6/167 Testing: GeoConvert5
6/167 Test: GeoConvert5
Command: "/home/a/catkin_ws/src/GeographicLib-1.50.1/BUILD/tools/GeoConvert" "--input-string" "5d. 0"
Directory: /home/a/catkin_ws/src/GeographicLib-1.50.1/BUILD
"GeoConvert5" start time: Sep 12 02:06 EDT
Output:
----------------------------------------------------------
ERROR: Missing numbers in trailing component of 5d.
<end of output>
Test time =   0.00 sec
----------------------------------------------------------
Test Passed.
"GeoConvert5" end time: Sep 12 02:06 EDT
"GeoConvert5" time elapsed: 00:00:00
----------------------------------------------------------

7/167 Testing: GeoConvert6
7/167 Test: GeoConvert6
Command: "/home/a/catkin_ws/src/GeographicLib-1.50.1/BUILD/tools/GeoConvert" "-p" "9" "--input-string" "0 179.99999999999998578"
Directory: /home/a/catkin_ws/src/GeographicLib-1.50.1/BUILD
"GeoConvert6" start time: Sep 12 02:06 EDT
Output:
----------------------------------------------------------
0.00000000000000 179.99999999999997
<end of output>
Test time =   0.00 sec
----------------------------------------------------------
Test Pass Reason:
Required regular expression found.Regex=[179\.9999999999999[7-9]
]
"GeoConvert6" end time: Sep 12 02:06 EDT
"GeoConvert6" time elapsed: 00:00:00
----------------------------------------------------------

8/167 Testing: GeoConvert7
8/167 Test: GeoConvert7
Command: "/home/a/catkin_ws/src/GeographicLib-1.50.1/BUILD/tools/GeoConvert" "--version"
Directory: /home/a/catkin_ws/src/GeographicLib-1.50.1/BUILD
"GeoConvert7" start time: Sep 12 02:06 EDT
Output:
----------------------------------------------------------
/home/a/catkin_ws/src/GeographicLib-1.50.1/BUILD/tools/GeoConvert: GeographicLib version 1.50.1
<end of output>
Test time =   0.00 sec
----------------------------------------------------------
Test Passed.
"GeoConvert7" end time: Sep 12 02:06 EDT
"GeoConvert7" time elapsed: 00:00:00
----------------------------------------------------------

9/167 Testing: GeoConvert8
9/167 Test: GeoConvert8
Command: "/home/a/catkin_ws/src/GeographicLib-1.50.1/BUILD/tools/GeoConvert" "-u" "-p" "6" "--input-string" "86 0"
Directory: /home/a/catkin_ws/src/GeographicLib-1.50.1/BUILD
"GeoConvert8" start time: Sep 12 02:06 EDT
Output:
----------------------------------------------------------
n 2000000.000000 1555731.570643
<end of output>
Test time =   0.00 sec
----------------------------------------------------------
Test Pass Reason:
Required regular expression found.Regex=[n 2000000\.0* 1555731\.570643
]
"GeoConvert8" end time: Sep 12 02:06 EDT
"GeoConvert8" time elapsed: 00:00:00
----------------------------------------------------------

10/167 Testing: GeoConvert9
10/167 Test: GeoConvert9
Command: "/home/a/catkin_ws/src/GeographicLib-1.50.1/BUILD/tools/GeoConvert" "--input-string" "5d70.0 10"
Directory: /home/a/catkin_ws/src/GeographicLib-1.50.1/BUILD
"GeoConvert9" start time: Sep 12 02:06 EDT
Output:
----------------------------------------------------------
ERROR: Minutes 70 not in range [0, 60)
<end of output>
Test time =   0.00 sec
----------------------------------------------------------
Test Passed.
"GeoConvert9" end time: Sep 12 02:06 EDT
"GeoConvert9" time elapsed: 00:00:00
----------------------------------------------------------

11/167 Testing: GeoConvert10
11/167 Test: GeoConvert10
Command: "/home/a/catkin_ws/src/GeographicLib-1.50.1/BUILD/tools/GeoConvert" "--input-string" "5d60 10"
Directory: /home/a/catkin_ws/src/GeographicLib-1.50.1/BUILD
"GeoConvert10" start time: Sep 12 02:06 EDT
Output:
----------------------------------------------------------
ERROR: Minutes 60 not in range [0, 60)
<end of output>
Test time =   0.00 sec
----------------------------------------------------------
Test Passed.
"GeoConvert10" end time: Sep 12 02:06 EDT
"GeoConvert10" time elapsed: 00:00:00
----------------------------------------------------------

12/167 Testing: GeoConvert11
12/167 Test: GeoConvert11
Command: "/home/a/catkin_ws/src/GeographicLib-1.50.1/BUILD/tools/GeoConvert" "--input-string" "5d59 10"
Directory: /home/a/catkin_ws/src/GeographicLib-1.50.1/BUILD
"GeoConvert11" start time: Sep 12 02:06 EDT
Output:
----------------------------------------------------------
5.98333 10.00000
<end of output>
Test time =   0.00 sec
----------------------------------------------------------
Test Passed.
"GeoConvert11" end time: Sep 12 02:06 EDT
"GeoConvert11" time elapsed: 00:00:00
----------------------------------------------------------

13/167 Testing: GeoConvert12
13/167 Test: GeoConvert12
Command: "/home/a/catkin_ws/src/GeographicLib-1.50.1/BUILD/tools/GeoConvert" "--input-string" "5d60. 10"
Directory: /home/a/catkin_ws/src/GeographicLib-1.50.1/BUILD
"GeoConvert12" start time: Sep 12 02:06 EDT
Output:
----------------------------------------------------------
6.00000 10.00000
<end of output>
Test time =   0.00 sec
----------------------------------------------------------
Test Passed.
"GeoConvert12" end time: Sep 12 02:06 EDT
"GeoConvert12" time elapsed: 00:00:00
----------------------------------------------------------

14/167 Testing: GeoConvert13
14/167 Test: GeoConvert13
Command: "/home/a/catkin_ws/src/GeographicLib-1.50.1/BUILD/tools/GeoConvert" "--input-string" "5d60.0 10"
Directory: /home/a/catkin_ws/src/GeographicLib-1.50.1/BUILD
"GeoConvert13" start time: Sep 12 02:06 EDT
Output:
----------------------------------------------------------
6.00000 10.00000
<end of output>
Test time =   0.00 sec
----------------------------------------------------------
Test Passed.
"GeoConvert13" end time: Sep 12 02:06 EDT
"GeoConvert13" time elapsed: 00:00:00
----------------------------------------------------------

15/167 Testing: GeoConvert14
15/167 Test: GeoConvert14
Command: "/home/a/catkin_ws/src/GeographicLib-1.50.1/BUILD/tools/GeoConvert" "-:" "-p" "-4" "--input-string" "5.25 5.75"
Directory: /home/a/catkin_ws/src/GeographicLib-1.50.1/BUILD
"GeoConvert14" start time: Sep 12 02:06 EDT
Output:
----------------------------------------------------------
05.2N 005.8E
<end of output>
Test time =   0.00 sec
----------------------------------------------------------
Test Pass Reason:
Required regular expression found.Regex=[05.2N 005.8E
]
"GeoConvert14" end time: Sep 12 02:06 EDT
"GeoConvert14" time elapsed: 00:00:00
----------------------------------------------------------

16/167 Testing: GeoConvert15
16/167 Test: GeoConvert15
Command: "/home/a/catkin_ws/src/GeographicLib-1.50.1/BUILD/tools/GeoConvert" "-:" "-p" "-1" "--input-string" "5.03125 5.09375"
Directory: /home/a/catkin_ws/src/GeographicLib-1.50.1/BUILD
"GeoConvert15" start time: Sep 12 02:06 EDT
Output:
----------------------------------------------------------
05:01:52N 005:05:38E
<end of output>
Test time =   0.00 sec
----------------------------------------------------------
Test Pass Reason:
Required regular expression found.Regex=[05:01:52N 005:05:38E
]
"GeoConvert15" end time: Sep 12 02:06 EDT
"GeoConvert15" time elapsed: 00:00:00
----------------------------------------------------------

17/167 Testing: GeoConvert16
17/167 Test: GeoConvert16
Command: "/home/a/catkin_ws/src/GeographicLib-1.50.1/BUILD/tools/GeoConvert" "-m" "-p" "3" "--input-string" "38n 444140.6 3684706.3"
Directory: /home/a/catkin_ws/src/GeographicLib-1.50.1/BUILD
"GeoConvert16" start time: Sep 12 02:06 EDT
Output:
----------------------------------------------------------
38SMB4414060084706300
<end of output>
Test time =   0.00 sec
----------------------------------------------------------
Test Pass Reason:
Required regular expression found.Regex=[38SMB4414060084706300
]
"GeoConvert16" end time: Sep 12 02:06 EDT
"GeoConvert16" time elapsed: 00:00:00
----------------------------------------------------------

18/167 Testing: GeoConvert17
18/167 Test: GeoConvert17
Command: "/home/a/catkin_ws/src/GeographicLib-1.50.1/BUILD/tools/GeoConvert" "-m" "-p" "3" "--input-string" "38n 500000 63.811"
Directory: /home/a/catkin_ws/src/GeographicLib-1.50.1/BUILD
"GeoConvert17" start time: Sep 12 02:06 EDT
Output:
----------------------------------------------------------
38NNF0000000000063811
<end of output>
Test time =   0.00 sec
----------------------------------------------------------
Test Pass Reason:
Required regular expression found.Regex=[38NNF0000000000063811
]
"GeoConvert17" end time: Sep 12 02:06 EDT
"GeoConvert17" time elapsed: 00:00:00
----------------------------------------------------------

19/167 Testing: GeoConvert18
19/167 Test: GeoConvert18
Command: "/home/a/catkin_ws/src/GeographicLib-1.50.1/BUILD/tools/GeoConvert" "-m" "-p" "4" "--input-string" "38n 500000 63.811"
Directory: /home/a/catkin_ws/src/GeographicLib-1.50.1/BUILD
"GeoConvert18" start time: Sep 12 02:06 EDT
Output:
----------------------------------------------------------
38NNF000000000000638110
<end of output>
Test time =   0.00 sec
----------------------------------------------------------
Test Pass Reason:
Required regular expression found.Regex=[38NNF000000000000638110
]
"GeoConvert18" end time: Sep 12 02:06 EDT
"GeoConvert18" time elapsed: 00:00:00
----------------------------------------------------------

20/167 Testing: GeoConvert19
20/167 Test: GeoConvert19
Command: "/home/a/catkin_ws/src/GeographicLib-1.50.1/BUILD/tools/GeoConvert" "-m" "-p" "-6" "--input-string" "s 2746000 1515000"
Directory: /home/a/catkin_ws/src/GeographicLib-1.50.1/BUILD
"GeoConvert19" start time: Sep 12 02:06 EDT
Output:
----------------------------------------------------------
B
<end of output>
Test time =   0.00 sec
----------------------------------------------------------
Test Pass Reason:
Required regular expression found.Regex=[^B[
]
]
"GeoConvert19" end time: Sep 12 02:06 EDT
"GeoConvert19" time elapsed: 00:00:00
----------------------------------------------------------

21/167 Testing: GeoConvert20
21/167 Test: GeoConvert20
Command: "/home/a/catkin_ws/src/GeographicLib-1.50.1/BUILD/tools/GeoConvert" "-m" "-p" "-5" "--input-string" "s 2746000 1515000"
Directory: /home/a/catkin_ws/src/GeographicLib-1.50.1/BUILD
"GeoConvert20" start time: Sep 12 02:06 EDT
Output:
----------------------------------------------------------
BKH
<end of output>
Test time =   0.00 sec
----------------------------------------------------------
Test Pass Reason:
Required regular expression found.Regex=[^BKH[
]
]
"GeoConvert20" end time: Sep 12 02:06 EDT
"GeoConvert20" time elapsed: 00:00:00
----------------------------------------------------------

22/167 Testing: GeoConvert21
22/167 Test: GeoConvert21
Command: "/home/a/catkin_ws/src/GeographicLib-1.50.1/BUILD/tools/GeoConvert" "-m" "-p" "-4" "--input-string" "s 2746000 1515000"
Directory: /home/a/catkin_ws/src/GeographicLib-1.50.1/BUILD
"GeoConvert21" start time: Sep 12 02:06 EDT
Output:
----------------------------------------------------------
BKH41
<end of output>
Test time =   0.00 sec
----------------------------------------------------------
Test Pass Reason:
Required regular expression found.Regex=[^BKH41[
]
]
"GeoConvert21" end time: Sep 12 02:06 EDT
"GeoConvert21" time elapsed: 00:00:00
----------------------------------------------------------

23/167 Testing: GeodSolve0
23/167 Test: GeodSolve0
Command: "/home/a/catkin_ws/src/GeographicLib-1.50.1/BUILD/tools/GeodSolve" "-i" "-p" "0" "--input-string" "40.6 -73.8 49d01'N 2d33'E"
Directory: /home/a/catkin_ws/src/GeographicLib-1.50.1/BUILD
"GeodSolve0" start time: Sep 12 02:06 EDT
Output:
----------------------------------------------------------
53.47022 111.59367 5853226
<end of output>
Test time =   0.00 sec
----------------------------------------------------------
Test Pass Reason:
Required regular expression found.Regex=[53\.47022 111\.59367 5853226
]
"GeodSolve0" end time: Sep 12 02:06 EDT
"GeodSolve0" time elapsed: 00:00:00
----------------------------------------------------------

24/167 Testing: GeodSolve1
24/167 Test: GeodSolve1
Command: "/home/a/catkin_ws/src/GeographicLib-1.50.1/BUILD/tools/GeodSolve" "-p" "0" "--input-string" "40d38'23"N 073d46'44"W 53d30' 5850e3"
Directory: /home/a/catkin_ws/src/GeographicLib-1.50.1/BUILD
"GeodSolve1" start time: Sep 12 02:06 EDT
Output:
----------------------------------------------------------
49.01467 2.56106 111.62947
<end of output>
Test time =   0.00 sec
----------------------------------------------------------
Test Pass Reason:
Required regular expression found.Regex=[49\.01467 2\.56106 111\.62947
]
"GeodSolve1" end time: Sep 12 02:06 EDT
"GeodSolve1" time elapsed: 00:00:00
----------------------------------------------------------

25/167 Testing: GeodSolve2
25/167 Test: GeodSolve2
Command: "/home/a/catkin_ws/src/GeographicLib-1.50.1/BUILD/tools/GeodSolve" "-i" "-p" "0" "-e" "6.4e6" "-1/150" "--input-string" "0.07476 0 -0.07476 180"
Directory: /home/a/catkin_ws/src/GeographicLib-1.50.1/BUILD
"GeodSolve2" start time: Sep 12 02:06 EDT
Output:
----------------------------------------------------------
90.00078 90.00078 20106193
<end of output>
Test time =   0.00 sec
----------------------------------------------------------
Test Pass Reason:
Required regular expression found.Regex=[90\.00078 90\.00078 20106193
]
"GeodSolve2" end time: Sep 12 02:06 EDT
"GeodSolve2" time elapsed: 00:00:00
----------------------------------------------------------

26/167 Testing: GeodSolve3
26/167 Test: GeodSolve3
Command: "/home/a/catkin_ws/src/GeographicLib-1.50.1/BUILD/tools/GeodSolve" "-i" "-p" "0" "-e" "6.4e6" "-1/150" "--input-string" "0.1 0 -0.1 180"
Directory: /home/a/catkin_ws/src/GeographicLib-1.50.1/BUILD
"GeodSolve3" start time: Sep 12 02:06 EDT
Output:
----------------------------------------------------------
90.00105 90.00105 20106193
<end of output>
Test time =   0.00 sec
----------------------------------------------------------
Test Pass Reason:
Required regular expression found.Regex=[90\.00105 90\.00105 20106193
]
"GeodSolve3" end time: Sep 12 02:06 EDT
"GeodSolve3" time elapsed: 00:00:00
----------------------------------------------------------

27/167 Testing: GeodSolve4
27/167 Test: GeodSolve4
Command: "/home/a/catkin_ws/src/GeographicLib-1.50.1/BUILD/tools/GeodSolve" "-i" "--input-string" "36.493349428792 0 36.49334942879201 .0000008"
Directory: /home/a/catkin_ws/src/GeographicLib-1.50.1/BUILD
"GeodSolve4" start time: Sep 12 02:06 EDT
Output:
----------------------------------------------------------
89.99999976 90.00000024 0.072
<end of output>
Test time =   0.00 sec
----------------------------------------------------------
Test Pass Reason:
Required regular expression found.Regex=[.* .* 0\.072
]
"GeodSolve4" end time: Sep 12 02:06 EDT
"GeodSolve4" time elapsed: 00:00:00
----------------------------------------------------------

28/167 Testing: GeodSolve5
28/167 Test: GeodSolve5
Command: "/home/a/catkin_ws/src/GeographicLib-1.50.1/BUILD/tools/GeodSolve" "-p" "0" "--input-string" "0.01777745589997 30 0 10e6"
Directory: /home/a/catkin_ws/src/GeographicLib-1.50.1/BUILD
"GeodSolve5" start time: Sep 12 02:06 EDT
Output:
----------------------------------------------------------
90.00000 -150.00000 180.00000
<end of output>
Test time =   0.00 sec
----------------------------------------------------------
Test Pass Reason:
Required regular expression found.Regex=[90\.00000 -150\.00000 -?180\.00000
90\.00000 30\.00000 0\.00000
]
"GeodSolve5" end time: Sep 12 02:06 EDT
"GeodSolve5" time elapsed: 00:00:00
----------------------------------------------------------

29/167 Testing: GeodSolve6
29/167 Test: GeodSolve6
Command: "/home/a/catkin_ws/src/GeographicLib-1.50.1/BUILD/tools/GeodSolve" "-i" "--input-string" "88.202499451857 0 -88.202499451857 179.981022032992859592"
Directory: /home/a/catkin_ws/src/GeographicLib-1.50.1/BUILD
"GeodSolve6" start time: Sep 12 02:06 EDT
Output:
----------------------------------------------------------
90.00000000 90.00000000 20003898.214
<end of output>
Test time =   0.00 sec
----------------------------------------------------------
Test Pass Reason:
Required regular expression found.Regex=[.* .* 20003898.214
]
"GeodSolve6" end time: Sep 12 02:06 EDT
"GeodSolve6" time elapsed: 00:00:00
----------------------------------------------------------

30/167 Testing: GeodSolve7
30/167 Test: GeodSolve7
Command: "/home/a/catkin_ws/src/GeographicLib-1.50.1/BUILD/tools/GeodSolve" "-i" "--input-string" "89.262080389218 0 -89.262080389218 179.992207982775375662"
Directory: /home/a/catkin_ws/src/GeographicLib-1.50.1/BUILD
"GeodSolve7" start time: Sep 12 02:06 EDT
Output:
----------------------------------------------------------
90.00000000 90.00000000 20003925.854
<end of output>
Test time =   0.00 sec
----------------------------------------------------------
Test Pass Reason:
Required regular expression found.Regex=[.* .* 20003925.854
]
"GeodSolve7" end time: Sep 12 02:06 EDT
"GeodSolve7" time elapsed: 00:00:00
----------------------------------------------------------

31/167 Testing: GeodSolve8
31/167 Test: GeodSolve8
Command: "/home/a/catkin_ws/src/GeographicLib-1.50.1/BUILD/tools/GeodSolve" "-i" "--input-string" "89.333123580033 0 -89.333123580032997687 179.99295812360148422"
Directory: /home/a/catkin_ws/src/GeographicLib-1.50.1/BUILD
"GeodSolve8" start time: Sep 12 02:06 EDT
Output:
----------------------------------------------------------
90.00000000 90.00000000 20003926.881
<end of output>
Test time =   0.00 sec
----------------------------------------------------------
Test Pass Reason:
Required regular expression found.Regex=[.* .* 20003926.881
]
"GeodSolve8" end time: Sep 12 02:06 EDT
"GeodSolve8" time elapsed: 00:00:00
----------------------------------------------------------

32/167 Testing: GeodSolve9
32/167 Test: GeodSolve9
Command: "/home/a/catkin_ws/src/GeographicLib-1.50.1/BUILD/tools/GeodSolve" "-i" "--input-string" "56.320923501171 0 -56.320923501171 179.664747671772880215"
Directory: /home/a/catkin_ws/src/GeographicLib-1.50.1/BUILD
"GeodSolve9" start time: Sep 12 02:06 EDT
Output:
----------------------------------------------------------
89.99998907 90.00001093 19993558.287
<end of output>
Test time =   0.00 sec
----------------------------------------------------------
Test Pass Reason:
Required regular expression found.Regex=[.* .* 19993558.287
]
"GeodSolve9" end time: Sep 12 02:06 EDT
"GeodSolve9" time elapsed: 00:00:00
----------------------------------------------------------

33/167 Testing: GeodSolve10
33/167 Test: GeodSolve10
Command: "/home/a/catkin_ws/src/GeographicLib-1.50.1/BUILD/tools/GeodSolve" "-i" "--input-string" "52.784459512564 0 -52.784459512563990912 179.634407464943777557"
Directory: /home/a/catkin_ws/src/GeographicLib-1.50.1/BUILD
"GeodSolve10" start time: Sep 12 02:06 EDT
Output:
----------------------------------------------------------
89.99995977 90.00004025 19991596.095
<end of output>
Test time =   0.00 sec
----------------------------------------------------------
Test Pass Reason:
Required regular expression found.Regex=[.* .* 19991596.095
]
"GeodSolve10" end time: Sep 12 02:06 EDT
"GeodSolve10" time elapsed: 00:00:00
----------------------------------------------------------

34/167 Testing: GeodSolve11
34/167 Test: GeodSolve11
Command: "/home/a/catkin_ws/src/GeographicLib-1.50.1/BUILD/tools/GeodSolve" "-i" "--input-string" "48.522876735459 0 -48.52287673545898293 179.599720456223079643"
Directory: /home/a/catkin_ws/src/GeographicLib-1.50.1/BUILD
"GeodSolve11" start time: Sep 12 02:06 EDT
Output:
----------------------------------------------------------
89.99996442 90.00003560 19989144.774
<end of output>
Test time =   0.00 sec
----------------------------------------------------------
Test Pass Reason:
Required regular expression found.Regex=[.* .* 19989144.774
]
"GeodSolve11" end time: Sep 12 02:06 EDT
"GeodSolve11" time elapsed: 00:00:00
----------------------------------------------------------

35/167 Testing: GeodSolve12
35/167 Test: GeodSolve12
Command: "/home/a/catkin_ws/src/GeographicLib-1.50.1/BUILD/tools/GeodSolve" "-i" "-e" "89.8" "-1.83" "-p" "1" "--input-string" "0 0 -10 160"
Directory: /home/a/catkin_ws/src/GeographicLib-1.50.1/BUILD
"GeodSolve12" start time: Sep 12 02:06 EDT
Output:
----------------------------------------------------------
120.271181 105.158683 266.7
<end of output>
Test time =   0.00 sec
----------------------------------------------------------
Test Pass Reason:
Required regular expression found.Regex=[120\.27.* 105\.15.* 266\.7
]
"GeodSolve12" end time: Sep 12 02:06 EDT
"GeodSolve12" time elapsed: 00:00:00
----------------------------------------------------------

36/167 Testing: GeodSolve13
36/167 Test: GeodSolve13
Command: "/home/a/catkin_ws/src/GeographicLib-1.50.1/BUILD/tools/GeodSolve" "-i" "-e" "89.8" "-1.83" "-p" "1" "--input-string" "0 0 -10 160" "-E"
Directory: /home/a/catkin_ws/src/GeographicLib-1.50.1/BUILD
"GeodSolve13" start time: Sep 12 02:06 EDT
Output:
----------------------------------------------------------
120.271236 105.158802 266.7
<end of output>
Test time =   0.00 sec
----------------------------------------------------------
Test Pass Reason:
Required regular expression found.Regex=[120\.27.* 105\.15.* 266\.7
]
"GeodSolve13" end time: Sep 12 02:06 EDT
"GeodSolve13" time elapsed: 00:00:00
----------------------------------------------------------

37/167 Testing: GeodSolve14
37/167 Test: GeodSolve14
Command: "/home/a/catkin_ws/src/GeographicLib-1.50.1/BUILD/tools/GeodSolve" "-i" "--input-string" "0 0 1 nan"
Directory: /home/a/catkin_ws/src/GeographicLib-1.50.1/BUILD
"GeodSolve14" start time: Sep 12 02:06 EDT
Output:
----------------------------------------------------------
nan nan nan
<end of output>
Test time =   0.00 sec
----------------------------------------------------------
Test Pass Reason:
Required regular expression found.Regex=[nan nan nan
]
"GeodSolve14" end time: Sep 12 02:06 EDT
"GeodSolve14" time elapsed: 00:00:00
----------------------------------------------------------

38/167 Testing: GeodSolve15
38/167 Test: GeodSolve15
Command: "/home/a/catkin_ws/src/GeographicLib-1.50.1/BUILD/tools/GeodSolve" "-e" "6.4e6" "-1/150" "-f" "--input-string" "1 2 3 4"
Directory: /home/a/catkin_ws/src/GeographicLib-1.50.1/BUILD
"GeodSolve15" start time: Sep 12 02:06 EDT
Output:
----------------------------------------------------------
1.00000000 2.00000000 3.00000000 1.00003529 2.00000187 3.00000003 4.000 0.00003557 4.000 1.0000000000 1.0000000000 23700
<end of output>
Test time =   0.00 sec
----------------------------------------------------------
Test Pass Reason:
Required regular expression found.Regex=[1\..* 2\..* 3\..* 1\..* 2\..* 3\..* 4\..* 0\..* 4\..* 1\..* 1\..* 23700
]
"GeodSolve15" end time: Sep 12 02:06 EDT
"GeodSolve15" time elapsed: 00:00:00
----------------------------------------------------------

39/167 Testing: GeodSolve16
39/167 Test: GeodSolve16
Command: "/home/a/catkin_ws/src/GeographicLib-1.50.1/BUILD/tools/GeodSolve" "-e" "6.4e6" "-1/150" "-f" "--input-string" "1 2 3 4" "-E"
Directory: /home/a/catkin_ws/src/GeographicLib-1.50.1/BUILD
"GeodSolve16" start time: Sep 12 02:06 EDT
Output:
----------------------------------------------------------
1.00000000 2.00000000 3.00000000 1.00003529 2.00000187 3.00000003 4.000 0.00003557 4.000 1.0000000000 1.0000000000 23700
<end of output>
Test time =   0.00 sec
----------------------------------------------------------
Test Pass Reason:
Required regular expression found.Regex=[1\..* 2\..* 3\..* 1\..* 2\..* 3\..* 4\..* 0\..* 4\..* 1\..* 1\..* 23700
]
"GeodSolve16" end time: Sep 12 02:06 EDT
"GeodSolve16" time elapsed: 00:00:00
----------------------------------------------------------

40/167 Testing: GeodSolve17
40/167 Test: GeodSolve17
Command: "/home/a/catkin_ws/src/GeographicLib-1.50.1/BUILD/tools/GeodSolve" "-u" "--input-string" "40 -75 -10 2e7"
Directory: /home/a/catkin_ws/src/GeographicLib-1.50.1/BUILD
"GeodSolve17" start time: Sep 12 02:06 EDT
Output:
----------------------------------------------------------
-39.97041231 -254.91289466 -170.00435717
<end of output>
Test time =   0.00 sec
----------------------------------------------------------
Test Pass Reason:
Required regular expression found.Regex=[-39\.[0-9]* -254\.[0-9]* -170\.[0-9]*
]
"GeodSolve17" end time: Sep 12 02:06 EDT
"GeodSolve17" time elapsed: 00:00:00
----------------------------------------------------------

41/167 Testing: GeodSolve18
41/167 Test: GeodSolve18
Command: "/home/a/catkin_ws/src/GeographicLib-1.50.1/BUILD/tools/GeodSolve" "-u" "--input-string" "40 -75 -10 2e7" "-E"
Directory: /home/a/catkin_ws/src/GeographicLib-1.50.1/BUILD
"GeodSolve18" start time: Sep 12 02:06 EDT
Output:
----------------------------------------------------------
-39.97041231 -254.91289466 -170.00435717
<end of output>
Test time =   0.00 sec
----------------------------------------------------------
Test Pass Reason:
Required regular expression found.Regex=[-39\.[0-9]* -254\.[0-9]* -170\.[0-9]*
]
"GeodSolve18" end time: Sep 12 02:06 EDT
"GeodSolve18" time elapsed: 00:00:00
----------------------------------------------------------

42/167 Testing: GeodSolve19
42/167 Test: GeodSolve19
Command: "/home/a/catkin_ws/src/GeographicLib-1.50.1/BUILD/tools/GeodSolve" "-u" "-L" "40" "-75" "-10" "--input-string" "2e7"
Directory: /home/a/catkin_ws/src/GeographicLib-1.50.1/BUILD
"GeodSolve19" start time: Sep 12 02:06 EDT
Output:
----------------------------------------------------------
-39.97041231 -254.91289466 -170.00435717
<end of output>
Test time =   0.00 sec
----------------------------------------------------------
Test Pass Reason:
Required regular expression found.Regex=[-39\.[0-9]* -254\.[0-9]* -170\.[0-9]*
]
"GeodSolve19" end time: Sep 12 02:06 EDT
"GeodSolve19" time elapsed: 00:00:00
----------------------------------------------------------

43/167 Testing: GeodSolve20
43/167 Test: GeodSolve20
Command: "/home/a/catkin_ws/src/GeographicLib-1.50.1/BUILD/tools/GeodSolve" "-u" "-L" "40" "-75" "-10" "--input-string" "2e7" "-E"
Directory: /home/a/catkin_ws/src/GeographicLib-1.50.1/BUILD
"GeodSolve20" start time: Sep 12 02:06 EDT
Output:
----------------------------------------------------------
-39.97041231 -254.91289466 -170.00435717
<end of output>
Test time =   0.00 sec
----------------------------------------------------------
Test Pass Reason:
Required regular expression found.Regex=[-39\.[0-9]* -254\.[0-9]* -170\.[0-9]*
]
"GeodSolve20" end time: Sep 12 02:06 EDT
"GeodSolve20" time elapsed: 00:00:00
----------------------------------------------------------

44/167 Testing: GeodSolve21
44/167 Test: GeodSolve21
Command: "/home/a/catkin_ws/src/GeographicLib-1.50.1/BUILD/tools/GeodSolve" "--input-string" "40 -75 -10 2e7"
Directory: /home/a/catkin_ws/src/GeographicLib-1.50.1/BUILD
"GeodSolve21" start time: Sep 12 02:06 EDT
Output:
----------------------------------------------------------
-39.97041231 105.08710534 -170.00435717
<end of output>
Test time =   0.00 sec
----------------------------------------------------------
Test Pass Reason:
Required regular expression found.Regex=[-39\.[0-9]* 105\.[0-9]* -170\.[0-9]*
]
"GeodSolve21" end time: Sep 12 02:06 EDT
"GeodSolve21" time elapsed: 00:00:00
----------------------------------------------------------

45/167 Testing: GeodSolve22
45/167 Test: GeodSolve22
Command: "/home/a/catkin_ws/src/GeographicLib-1.50.1/BUILD/tools/GeodSolve" "--input-string" "40 -75 -10 2e7" "-E"
Directory: /home/a/catkin_ws/src/GeographicLib-1.50.1/BUILD
"GeodSolve22" start time: Sep 12 02:06 EDT
Output:
----------------------------------------------------------
-39.97041231 105.08710534 -170.00435717
<end of output>
Test time =   0.00 sec
----------------------------------------------------------
Test Pass Reason:
Required regular expression found.Regex=[-39\.[0-9]* 105\.[0-9]* -170\.[0-9]*
]
"GeodSolve22" end time: Sep 12 02:06 EDT
"GeodSolve22" time elapsed: 00:00:00
----------------------------------------------------------

46/167 Testing: GeodSolve23
46/167 Test: GeodSolve23
Command: "/home/a/catkin_ws/src/GeographicLib-1.50.1/BUILD/tools/GeodSolve" "-L" "40" "-75" "-10" "--input-string" "2e7"
Directory: /home/a/catkin_ws/src/GeographicLib-1.50.1/BUILD
"GeodSolve23" start time: Sep 12 02:06 EDT
Output:
----------------------------------------------------------
-39.97041231 105.08710534 -170.00435717
<end of output>
Test time =   0.00 sec
----------------------------------------------------------
Test Pass Reason:
Required regular expression found.Regex=[-39\.[0-9]* 105\.[0-9]* -170\.[0-9]*
]
"GeodSolve23" end time: Sep 12 02:06 EDT
"GeodSolve23" time elapsed: 00:00:00
----------------------------------------------------------

47/167 Testing: GeodSolve24
47/167 Test: GeodSolve24
Command: "/home/a/catkin_ws/src/GeographicLib-1.50.1/BUILD/tools/GeodSolve" "-L" "40" "-75" "-10" "--input-string" "2e7" "-E"
Directory: /home/a/catkin_ws/src/GeographicLib-1.50.1/BUILD
"GeodSolve24" start time: Sep 12 02:06 EDT
Output:
----------------------------------------------------------
-39.97041231 105.08710534 -170.00435717
<end of output>
Test time =   0.00 sec
----------------------------------------------------------
Test Pass Reason:
Required regular expression found.Regex=[-39\.[0-9]* 105\.[0-9]* -170\.[0-9]*
]
"GeodSolve24" end time: Sep 12 02:06 EDT
"GeodSolve24" time elapsed: 00:00:00
----------------------------------------------------------

48/167 Testing: GeodSolve25
48/167 Test: GeodSolve25
Command: "/home/a/catkin_ws/src/GeographicLib-1.50.1/BUILD/tools/GeodSolve" "-p" "6" "--input-string" "0 0 7:33:36-7.56 10001965"
Directory: /home/a/catkin_ws/src/GeographicLib-1.50.1/BUILD
"GeodSolve25" start time: Sep 12 02:06 EDT
Output:
----------------------------------------------------------
89.99999347044 0.00000000000 0.00000000000
<end of output>
Test time =   0.00 sec
----------------------------------------------------------
Test Pass Reason:
Required regular expression found.Regex=[89\.9[0-9]* 0\.00000000000 0\.00000000000
]
"GeodSolve25" end time: Sep 12 02:06 EDT
"GeodSolve25" time elapsed: 00:00:00
----------------------------------------------------------

49/167 Testing: GeodSolve26
49/167 Test: GeodSolve26
Command: "/home/a/catkin_ws/src/GeographicLib-1.50.1/BUILD/tools/GeodSolve" "-i" "-f" "-e" "6.4e6" "0" "--input-string" "1 2 3 4"
Directory: /home/a/catkin_ws/src/GeographicLib-1.50.1/BUILD
"GeodSolve26" start time: Sep 12 02:06 EDT
Output:
----------------------------------------------------------
1.00000000 2.00000000 44.95199835 3.00000000 4.00000000 45.02181506 315834.074 2.82749367 315705.896 0.9987825815 0.9987825815 49911046115
<end of output>
Test time =   0.00 sec
----------------------------------------------------------
Test Pass Reason:
Required regular expression found.Regex=[ 49911046115
]
"GeodSolve26" end time: Sep 12 02:06 EDT
"GeodSolve26" time elapsed: 00:00:00
----------------------------------------------------------

50/167 Testing: GeodSolve27
50/167 Test: GeodSolve27
Command: "/home/a/catkin_ws/src/GeographicLib-1.50.1/BUILD/tools/GeodSolve" "-i" "-f" "-e" "6.4e6" "0" "--input-string" "1 2 3 4" "-E"
Directory: /home/a/catkin_ws/src/GeographicLib-1.50.1/BUILD
"GeodSolve27" start time: Sep 12 02:06 EDT
Output:
----------------------------------------------------------
1.00000000 2.00000000 44.95199835 3.00000000 4.00000000 45.02181506 315834.074 2.82749367 315705.896 0.9987825815 0.9987825815 49911046115
<end of output>
Test time =   0.00 sec
----------------------------------------------------------
Test Pass Reason:
Required regular expression found.Regex=[ 49911046115
]
"GeodSolve27" end time: Sep 12 02:06 EDT
"GeodSolve27" time elapsed: 00:00:00
----------------------------------------------------------

51/167 Testing: GeodSolve28
51/167 Test: GeodSolve28
Command: "/home/a/catkin_ws/src/GeographicLib-1.50.1/BUILD/tools/GeodSolve" "-f" "-e" "6.4e6" "0.1" "-p" "3" "--input-string" "1 2 10 5e6"
Directory: /home/a/catkin_ws/src/GeographicLib-1.50.1/BUILD
"GeodSolve28" start time: Sep 12 02:06 EDT
Output:
----------------------------------------------------------
1.00000000 2.00000000 10.00000000 51.43412414 12.48688458 15.17896642 5000000.000 48.55570690 4445242.454 0.6622444295 0.6900333216 3155927746107
<end of output>
Test time =   0.00 sec
----------------------------------------------------------
Test Pass Reason:
Required regular expression found.Regex=[ 48.55570690 
]
"GeodSolve28" end time: Sep 12 02:06 EDT
"GeodSolve28" time elapsed: 00:00:00
----------------------------------------------------------

52/167 Testing: GeodSolve29
52/167 Test: GeodSolve29
Command: "/home/a/catkin_ws/src/GeographicLib-1.50.1/BUILD/tools/GeodSolve" "-i" "-f" "-p" "0" "--input-string" "0 539 0 181"
Directory: /home/a/catkin_ws/src/GeographicLib-1.50.1/BUILD
"GeodSolve29" start time: Sep 12 02:06 EDT
Output:
----------------------------------------------------------
0.00000 179.00000 90.00000 0.00000 -179.00000 90.00000 222639 2.00673 222593 0.9993867 0.9993867 0
<end of output>
Test time =   0.00 sec
----------------------------------------------------------
Test Pass Reason:
Required regular expression found.Regex=[0\..* 179\..* 90\..* 0\..* -179\..* 90\..* 222639 
]
"GeodSolve29" end time: Sep 12 02:06 EDT
"GeodSolve29" time elapsed: 00:00:00
----------------------------------------------------------

53/167 Testing: GeodSolve30
53/167 Test: GeodSolve30
Command: "/home/a/catkin_ws/src/GeographicLib-1.50.1/BUILD/tools/GeodSolve" "-i" "-f" "-p" "0" "--input-string" "0 539 0 181" "-E"
Directory: /home/a/catkin_ws/src/GeographicLib-1.50.1/BUILD
"GeodSolve30" start time: Sep 12 02:06 EDT
Output:
----------------------------------------------------------
0.00000 179.00000 90.00000 0.00000 -179.00000 90.00000 222639 2.00673 222593 0.9993867 0.9993867 0
<end of output>
Test time =   0.00 sec
----------------------------------------------------------
Test Pass Reason:
Required regular expression found.Regex=[0\..* 179\..* 90\..* 0\..* -179\..* 90\..* 222639 
]
"GeodSolve30" end time: Sep 12 02:06 EDT
"GeodSolve30" time elapsed: 00:00:00
----------------------------------------------------------

54/167 Testing: GeodSolve31
54/167 Test: GeodSolve31
Command: "/home/a/catkin_ws/src/GeographicLib-1.50.1/BUILD/tools/GeodSolve" "-i" "-f" "-p" "0" "--input-string" "0 539 0 181" "-u"
Directory: /home/a/catkin_ws/src/GeographicLib-1.50.1/BUILD
"GeodSolve31" start time: Sep 12 02:06 EDT
Output:
----------------------------------------------------------
0.00000 539.00000 90.00000 0.00000 541.00000 90.00000 222639 2.00673 222593 0.9993867 0.9993867 0
<end of output>
Test time =   0.00 sec
----------------------------------------------------------
Test Pass Reason:
Required regular expression found.Regex=[0\..* 539\..* 90\..* 0\..* 541\..* 90\..* 222639 
]
"GeodSolve31" end time: Sep 12 02:06 EDT
"GeodSolve31" time elapsed: 00:00:00
----------------------------------------------------------

55/167 Testing: GeodSolve32
55/167 Test: GeodSolve32
Command: "/home/a/catkin_ws/src/GeographicLib-1.50.1/BUILD/tools/GeodSolve" "-i" "-f" "-p" "0" "--input-string" "0 539 0 181" "-u" "-E"
Directory: /home/a/catkin_ws/src/GeographicLib-1.50.1/BUILD
"GeodSolve32" start time: Sep 12 02:06 EDT
Output:
----------------------------------------------------------
0.00000 539.00000 90.00000 0.00000 541.00000 90.00000 222639 2.00673 222593 0.9993867 0.9993867 0
<end of output>
Test time =   0.00 sec
----------------------------------------------------------
Test Pass Reason:
Required regular expression found.Regex=[0\..* 539\..* 90\..* 0\..* 541\..* 90\..* 222639 
]
"GeodSolve32" end time: Sep 12 02:06 EDT
"GeodSolve32" time elapsed: 00:00:00
----------------------------------------------------------

56/167 Testing: GeodSolve33
56/167 Test: GeodSolve33
Command: "/home/a/catkin_ws/src/GeographicLib-1.50.1/BUILD/tools/GeodSolve" "-i" "-p" "0" "--input-string" "0 0 0 179"
Directory: /home/a/catkin_ws/src/GeographicLib-1.50.1/BUILD
"GeodSolve33" start time: Sep 12 02:06 EDT
Output:
----------------------------------------------------------
90.00000 90.00000 19926189
<end of output>
Test time =   0.00 sec
----------------------------------------------------------
Test Pass Reason:
Required regular expression found.Regex=[90\.00000 90\.00000 19926189
]
"GeodSolve33" end time: Sep 12 02:06 EDT
"GeodSolve33" time elapsed: 00:00:00
----------------------------------------------------------

57/167 Testing: GeodSolve34
57/167 Test: GeodSolve34
Command: "/home/a/catkin_ws/src/GeographicLib-1.50.1/BUILD/tools/GeodSolve" "-i" "-p" "0" "--input-string" "0 0 0 179" "-E"
Directory: /home/a/catkin_ws/src/GeographicLib-1.50.1/BUILD
"GeodSolve34" start time: Sep 12 02:06 EDT
Output:
----------------------------------------------------------
90.00000 90.00000 19926189
<end of output>
Test time =   0.00 sec
----------------------------------------------------------
Test Pass Reason:
Required regular expression found.Regex=[90\.00000 90\.00000 19926189
]
"GeodSolve34" end time: Sep 12 02:06 EDT
"GeodSolve34" time elapsed: 00:00:00
----------------------------------------------------------

58/167 Testing: GeodSolve35
58/167 Test: GeodSolve35
Command: "/home/a/catkin_ws/src/GeographicLib-1.50.1/BUILD/tools/GeodSolve" "-i" "-p" "0" "--input-string" "0 0 0 179.5"
Directory: /home/a/catkin_ws/src/GeographicLib-1.50.1/BUILD
"GeodSolve35" start time: Sep 12 02:06 EDT
Output:
----------------------------------------------------------
55.96650 124.03350 19980862
<end of output>
Test time =   0.00 sec
----------------------------------------------------------
Test Pass Reason:
Required regular expression found.Regex=[55\.96650 124\.03350 19980862
]
"GeodSolve35" end time: Sep 12 02:06 EDT
"GeodSolve35" time elapsed: 00:00:00
----------------------------------------------------------

59/167 Testing: GeodSolve36
59/167 Test: GeodSolve36
Command: "/home/a/catkin_ws/src/GeographicLib-1.50.1/BUILD/tools/GeodSolve" "-i" "-p" "0" "--input-string" "0 0 0 179.5" "-E"
Directory: /home/a/catkin_ws/src/GeographicLib-1.50.1/BUILD
"GeodSolve36" start time: Sep 12 02:06 EDT
Output:
----------------------------------------------------------
55.96650 124.03350 19980862
<end of output>
Test time =   0.00 sec
----------------------------------------------------------
Test Pass Reason:
Required regular expression found.Regex=[55\.96650 124\.03350 19980862
]
"GeodSolve36" end time: Sep 12 02:06 EDT
"GeodSolve36" time elapsed: 00:00:00
----------------------------------------------------------

60/167 Testing: GeodSolve37
60/167 Test: GeodSolve37
Command: "/home/a/catkin_ws/src/GeographicLib-1.50.1/BUILD/tools/GeodSolve" "-i" "-p" "0" "--input-string" "0 0 0 180"
Directory: /home/a/catkin_ws/src/GeographicLib-1.50.1/BUILD
"GeodSolve37" start time: Sep 12 02:06 EDT
Output:
----------------------------------------------------------
0.00000 180.00000 20003931
<end of output>
Test time =   0.00 sec
----------------------------------------------------------
Test Pass Reason:
Required regular expression found.Regex=[0\.00000 -?180\.00000 20003931
]
"GeodSolve37" end time: Sep 12 02:06 EDT
"GeodSolve37" time elapsed: 00:00:00
----------------------------------------------------------

61/167 Testing: GeodSolve38
61/167 Test: GeodSolve38
Command: "/home/a/catkin_ws/src/GeographicLib-1.50.1/BUILD/tools/GeodSolve" "-i" "-p" "0" "--input-string" "0 0 0 180" "-E"
Directory: /home/a/catkin_ws/src/GeographicLib-1.50.1/BUILD
"GeodSolve38" start time: Sep 12 02:06 EDT
Output:
----------------------------------------------------------
0.00000 180.00000 20003931
<end of output>
Test time =   0.00 sec
----------------------------------------------------------
Test Pass Reason:
Required regular expression found.Regex=[0\.00000 -?180\.00000 20003931
]
"GeodSolve38" end time: Sep 12 02:06 EDT
"GeodSolve38" time elapsed: 00:00:00
----------------------------------------------------------

62/167 Testing: GeodSolve39
62/167 Test: GeodSolve39
Command: "/home/a/catkin_ws/src/GeographicLib-1.50.1/BUILD/tools/GeodSolve" "-i" "-p" "0" "--input-string" "0 0 1 180"
Directory: /home/a/catkin_ws/src/GeographicLib-1.50.1/BUILD
"GeodSolve39" start time: Sep 12 02:06 EDT
Output:
----------------------------------------------------------
0.00000 180.00000 19893357
<end of output>
Test time =   0.00 sec
----------------------------------------------------------
Test Pass Reason:
Required regular expression found.Regex=[0\.00000 -?180\.00000 19893357
]
"GeodSolve39" end time: Sep 12 02:06 EDT
"GeodSolve39" time elapsed: 00:00:00
----------------------------------------------------------

63/167 Testing: GeodSolve40
63/167 Test: GeodSolve40
Command: "/home/a/catkin_ws/src/GeographicLib-1.50.1/BUILD/tools/GeodSolve" "-i" "-p" "0" "--input-string" "0 0 1 180" "-E"
Directory: /home/a/catkin_ws/src/GeographicLib-1.50.1/BUILD
"GeodSolve40" start time: Sep 12 02:06 EDT
Output:
----------------------------------------------------------
0.00000 180.00000 19893357
<end of output>
Test time =   0.00 sec
----------------------------------------------------------
Test Pass Reason:
Required regular expression found.Regex=[0\.00000 -?180\.00000 19893357
]
"GeodSolve40" end time: Sep 12 02:06 EDT
"GeodSolve40" time elapsed: 00:00:00
----------------------------------------------------------

64/167 Testing: GeodSolve41
64/167 Test: GeodSolve41
Command: "/home/a/catkin_ws/src/GeographicLib-1.50.1/BUILD/tools/GeodSolve" "-i" "-p" "0" "--input-string" "0 0 0 179" "-e" "6.4e6" "0"
Directory: /home/a/catkin_ws/src/GeographicLib-1.50.1/BUILD
"GeodSolve41" start time: Sep 12 02:06 EDT
Output:
----------------------------------------------------------
90.00000 90.00000 19994492
<end of output>
Test time =   0.00 sec
----------------------------------------------------------
Test Pass Reason:
Required regular expression found.Regex=[90\.00000 90\.00000 19994492
]
"GeodSolve41" end time: Sep 12 02:06 EDT
"GeodSolve41" time elapsed: 00:00:00
----------------------------------------------------------

65/167 Testing: GeodSolve42
65/167 Test: GeodSolve42
Command: "/home/a/catkin_ws/src/GeographicLib-1.50.1/BUILD/tools/GeodSolve" "-i" "-p" "0" "--input-string" "0 0 0 179" "-e" "6.4e6" "0" "-E"
Directory: /home/a/catkin_ws/src/GeographicLib-1.50.1/BUILD
"GeodSolve42" start time: Sep 12 02:06 EDT
Output:
----------------------------------------------------------
90.00000 90.00000 19994492
<end of output>
Test time =   0.00 sec
----------------------------------------------------------
Test Pass Reason:
Required regular expression found.Regex=[90\.00000 90\.00000 19994492
]
"GeodSolve42" end time: Sep 12 02:06 EDT
"GeodSolve42" time elapsed: 00:00:00
----------------------------------------------------------

66/167 Testing: GeodSolve43
66/167 Test: GeodSolve43
Command: "/home/a/catkin_ws/src/GeographicLib-1.50.1/BUILD/tools/GeodSolve" "-i" "-p" "0" "--input-string" "0 0 0 180" "-e" "6.4e6" "0"
Directory: /home/a/catkin_ws/src/GeographicLib-1.50.1/BUILD
"GeodSolve43" start time: Sep 12 02:06 EDT
Output:
----------------------------------------------------------
0.00000 180.00000 20106193
<end of output>
Test time =   0.00 sec
----------------------------------------------------------
Test Pass Reason:
Required regular expression found.Regex=[0\.00000 -?180\.00000 20106193
]
"GeodSolve43" end time: Sep 12 02:06 EDT
"GeodSolve43" time elapsed: 00:00:00
----------------------------------------------------------

67/167 Testing: GeodSolve44
67/167 Test: GeodSolve44
Command: "/home/a/catkin_ws/src/GeographicLib-1.50.1/BUILD/tools/GeodSolve" "-i" "-p" "0" "--input-string" "0 0 0 180" "-e" "6.4e6" "0" "-E"
Directory: /home/a/catkin_ws/src/GeographicLib-1.50.1/BUILD
"GeodSolve44" start time: Sep 12 02:06 EDT
Output:
----------------------------------------------------------
0.00000 180.00000 20106193
<end of output>
Test time =   0.00 sec
----------------------------------------------------------
Test Pass Reason:
Required regular expression found.Regex=[0\.00000 -?180\.00000 20106193
]
"GeodSolve44" end time: Sep 12 02:06 EDT
"GeodSolve44" time elapsed: 00:00:00
----------------------------------------------------------

68/167 Testing: GeodSolve45
68/167 Test: GeodSolve45
Command: "/home/a/catkin_ws/src/GeographicLib-1.50.1/BUILD/tools/GeodSolve" "-i" "-p" "0" "--input-string" "0 0 1 180" "-e" "6.4e6" "0"
Directory: /home/a/catkin_ws/src/GeographicLib-1.50.1/BUILD
"GeodSolve45" start time: Sep 12 02:06 EDT
Output:
----------------------------------------------------------
0.00000 180.00000 19994492
<end of output>
Test time =   0.00 sec
----------------------------------------------------------
Test Pass Reason:
Required regular expression found.Regex=[0\.00000 -?180\.00000 19994492
]
"GeodSolve45" end time: Sep 12 02:06 EDT
"GeodSolve45" time elapsed: 00:00:00
----------------------------------------------------------

69/167 Testing: GeodSolve46
69/167 Test: GeodSolve46
Command: "/home/a/catkin_ws/src/GeographicLib-1.50.1/BUILD/tools/GeodSolve" "-i" "-p" "0" "--input-string" "0 0 1 180" "-e" "6.4e6" "0" "-E"
Directory: /home/a/catkin_ws/src/GeographicLib-1.50.1/BUILD
"GeodSolve46" start time: Sep 12 02:06 EDT
Output:
----------------------------------------------------------
0.00000 180.00000 19994492
<end of output>
Test time =   0.00 sec
----------------------------------------------------------
Test Pass Reason:
Required regular expression found.Regex=[0\.00000 -?180\.00000 19994492
]
"GeodSolve46" end time: Sep 12 02:06 EDT
"GeodSolve46" time elapsed: 00:00:00
----------------------------------------------------------

70/167 Testing: GeodSolve47
70/167 Test: GeodSolve47
Command: "/home/a/catkin_ws/src/GeographicLib-1.50.1/BUILD/tools/GeodSolve" "-i" "-p" "0" "--input-string" "0 0 0 179" "-e" "6.4e6" "-1/300"
Directory: /home/a/catkin_ws/src/GeographicLib-1.50.1/BUILD
"GeodSolve47" start time: Sep 12 02:06 EDT
Output:
----------------------------------------------------------
90.00000 90.00000 19994492
<end of output>
Test time =   0.00 sec
----------------------------------------------------------
Test Pass Reason:
Required regular expression found.Regex=[90\.00000 90\.00000 19994492
]
"GeodSolve47" end time: Sep 12 02:06 EDT
"GeodSolve47" time elapsed: 00:00:00
----------------------------------------------------------

71/167 Testing: GeodSolve48
71/167 Test: GeodSolve48
Command: "/home/a/catkin_ws/src/GeographicLib-1.50.1/BUILD/tools/GeodSolve" "-i" "-p" "0" "--input-string" "0 0 0 179" "-e" "6.4e6" "-1/300" "-E"
Directory: /home/a/catkin_ws/src/GeographicLib-1.50.1/BUILD
"GeodSolve48" start time: Sep 12 02:06 EDT
Output:
----------------------------------------------------------
90.00000 90.00000 19994492
<end of output>
Test time =   0.00 sec
----------------------------------------------------------
Test Pass Reason:
Required regular expression found.Regex=[90\.00000 90\.00000 19994492
]
"GeodSolve48" end time: Sep 12 02:06 EDT
"GeodSolve48" time elapsed: 00:00:00
----------------------------------------------------------

72/167 Testing: GeodSolve49
72/167 Test: GeodSolve49
Command: "/home/a/catkin_ws/src/GeographicLib-1.50.1/BUILD/tools/GeodSolve" "-i" "-p" "0" "--input-string" "0 0 0 180" "-e" "6.4e6" "-1/300"
Directory: /home/a/catkin_ws/src/GeographicLib-1.50.1/BUILD
"GeodSolve49" start time: Sep 12 02:06 EDT
Output:
----------------------------------------------------------
90.00000 90.00000 20106193
<end of output>
Test time =   0.00 sec
----------------------------------------------------------
Test Pass Reason:
Required regular expression found.Regex=[90\.00000 90\.00000 20106193
]
"GeodSolve49" end time: Sep 12 02:06 EDT
"GeodSolve49" time elapsed: 00:00:00
----------------------------------------------------------

73/167 Testing: GeodSolve50
73/167 Test: GeodSolve50
Command: "/home/a/catkin_ws/src/GeographicLib-1.50.1/BUILD/tools/GeodSolve" "-i" "-p" "0" "--input-string" "0 0 0 180" "-e" "6.4e6" "-1/300" "-E"
Directory: /home/a/catkin_ws/src/GeographicLib-1.50.1/BUILD
"GeodSolve50" start time: Sep 12 02:06 EDT
Output:
----------------------------------------------------------
90.00000 90.00000 20106193
<end of output>
Test time =   0.00 sec
----------------------------------------------------------
Test Pass Reason:
Required regular expression found.Regex=[90\.00000 90\.00000 20106193
]
"GeodSolve50" end time: Sep 12 02:06 EDT
"GeodSolve50" time elapsed: 00:00:00
----------------------------------------------------------

74/167 Testing: GeodSolve51
74/167 Test: GeodSolve51
Command: "/home/a/catkin_ws/src/GeographicLib-1.50.1/BUILD/tools/GeodSolve" "-i" "-p" "0" "--input-string" "0 0 0.5 180" "-e" "6.4e6" "-1/300"
Directory: /home/a/catkin_ws/src/GeographicLib-1.50.1/BUILD
"GeodSolve51" start time: Sep 12 02:06 EDT
Output:
----------------------------------------------------------
33.02493 146.97364 20082617
<end of output>
Test time =   0.00 sec
----------------------------------------------------------
Test Pass Reason:
Required regular expression found.Regex=[33\.02493 146\.97364 20082617
]
"GeodSolve51" end time: Sep 12 02:06 EDT
"GeodSolve51" time elapsed: 00:00:00
----------------------------------------------------------

75/167 Testing: GeodSolve52
75/167 Test: GeodSolve52
Command: "/home/a/catkin_ws/src/GeographicLib-1.50.1/BUILD/tools/GeodSolve" "-i" "-p" "0" "--input-string" "0 0 0.5 180" "-e" "6.4e6" "-1/300" "-E"
Directory: /home/a/catkin_ws/src/GeographicLib-1.50.1/BUILD
"GeodSolve52" start time: Sep 12 02:06 EDT
Output:
----------------------------------------------------------
33.02493 146.97364 20082617
<end of output>
Test time =   0.00 sec
----------------------------------------------------------
Test Pass Reason:
Required regular expression found.Regex=[33\.02493 146\.97364 20082617
]
"GeodSolve52" end time: Sep 12 02:06 EDT
"GeodSolve52" time elapsed: 00:00:00
----------------------------------------------------------

76/167 Testing: GeodSolve53
76/167 Test: GeodSolve53
Command: "/home/a/catkin_ws/src/GeographicLib-1.50.1/BUILD/tools/GeodSolve" "-i" "-p" "0" "--input-string" "0 0 1 180" "-e" "6.4e6" "-1/300"
Directory: /home/a/catkin_ws/src/GeographicLib-1.50.1/BUILD
"GeodSolve53" start time: Sep 12 02:06 EDT
Output:
----------------------------------------------------------
0.00000 180.00000 20027270
<end of output>
Test time =   0.00 sec
----------------------------------------------------------
Test Pass Reason:
Required regular expression found.Regex=[0\.00000 -?180\.00000 20027270
]
"GeodSolve53" end time: Sep 12 02:06 EDT
"GeodSolve53" time elapsed: 00:00:00
----------------------------------------------------------

77/167 Testing: GeodSolve54
77/167 Test: GeodSolve54
Command: "/home/a/catkin_ws/src/GeographicLib-1.50.1/BUILD/tools/GeodSolve" "-i" "-p" "0" "--input-string" "0 0 1 180" "-e" "6.4e6" "-1/300" "-E"
Directory: /home/a/catkin_ws/src/GeographicLib-1.50.1/BUILD
"GeodSolve54" start time: Sep 12 02:06 EDT
Output:
----------------------------------------------------------
0.00000 180.00000 20027270
<end of output>
Test time =   0.00 sec
----------------------------------------------------------
Test Pass Reason:
Required regular expression found.Regex=[0\.00000 -?180\.00000 20027270
]
"GeodSolve54" end time: Sep 12 02:06 EDT
"GeodSolve54" time elapsed: 00:00:00
----------------------------------------------------------

78/167 Testing: GeodSolve55
78/167 Test: GeodSolve55
Command: "/home/a/catkin_ws/src/GeographicLib-1.50.1/BUILD/tools/GeodSolve" "-i" "--input-string" "nan 0 0 90"
Directory: /home/a/catkin_ws/src/GeographicLib-1.50.1/BUILD
"GeodSolve55" start time: Sep 12 02:06 EDT
Output:
----------------------------------------------------------
nan nan nan
<end of output>
Test time =   0.00 sec
----------------------------------------------------------
Test Pass Reason:
Required regular expression found.Regex=[nan nan nan
]
"GeodSolve55" end time: Sep 12 02:06 EDT
"GeodSolve55" time elapsed: 00:00:00
----------------------------------------------------------

79/167 Testing: GeodSolve56
79/167 Test: GeodSolve56
Command: "/home/a/catkin_ws/src/GeographicLib-1.50.1/BUILD/tools/GeodSolve" "-i" "--input-string" "nan 0 0 90" "-E"
Directory: /home/a/catkin_ws/src/GeographicLib-1.50.1/BUILD
"GeodSolve56" start time: Sep 12 02:06 EDT
Output:
----------------------------------------------------------
nan nan nan
<end of output>
Test time =   0.00 sec
----------------------------------------------------------
Test Pass Reason:
Required regular expression found.Regex=[nan nan nan
]
"GeodSolve56" end time: Sep 12 02:06 EDT
"GeodSolve56" time elapsed: 00:00:00
----------------------------------------------------------

80/167 Testing: GeodSolve57
80/167 Test: GeodSolve57
Command: "/home/a/catkin_ws/src/GeographicLib-1.50.1/BUILD/tools/GeodSolve" "-i" "--input-string" "nan 0 90 9"
Directory: /home/a/catkin_ws/src/GeographicLib-1.50.1/BUILD
"GeodSolve57" start time: Sep 12 02:06 EDT
Output:
----------------------------------------------------------
nan nan nan
<end of output>
Test time =   0.00 sec
----------------------------------------------------------
Test Pass Reason:
Required regular expression found.Regex=[nan nan nan
]
"GeodSolve57" end time: Sep 12 02:06 EDT
"GeodSolve57" time elapsed: 00:00:00
----------------------------------------------------------

81/167 Testing: GeodSolve58
81/167 Test: GeodSolve58
Command: "/home/a/catkin_ws/src/GeographicLib-1.50.1/BUILD/tools/GeodSolve" "-i" "--input-string" "nan 0 90 9" "-E"
Directory: /home/a/catkin_ws/src/GeographicLib-1.50.1/BUILD
"GeodSolve58" start time: Sep 12 02:06 EDT
Output:
----------------------------------------------------------
nan nan nan
<end of output>
Test time =   0.00 sec
----------------------------------------------------------
Test Pass Reason:
Required regular expression found.Regex=[nan nan nan
]
"GeodSolve58" end time: Sep 12 02:06 EDT
"GeodSolve58" time elapsed: 00:00:00
----------------------------------------------------------

82/167 Testing: GeodSolve59
82/167 Test: GeodSolve59
Command: "/home/a/catkin_ws/src/GeographicLib-1.50.1/BUILD/tools/GeodSolve" "-i" "-p" "9" "--input-string" "5 0.00000000000001 10 180"
Directory: /home/a/catkin_ws/src/GeographicLib-1.50.1/BUILD
"GeodSolve59" start time: Sep 12 02:06 EDT
Output:
----------------------------------------------------------
0.00000000000004 179.99999999999997 18345191.174332712
<end of output>
Test time =   0.00 sec
----------------------------------------------------------
Test Pass Reason:
Required regular expression found.Regex=[0\.0000000000000[34] 179\.9999999999999[5-7] 18345191\.17433271[2-6]
]
"GeodSolve59" end time: Sep 12 02:06 EDT
"GeodSolve59" time elapsed: 00:00:00
----------------------------------------------------------

83/167 Testing: GeodSolve60
83/167 Test: GeodSolve60
Command: "/home/a/catkin_ws/src/GeographicLib-1.50.1/BUILD/tools/GeodSolve" "-i" "-p" "9" "--input-string" "5 0.00000000000001 10 180" "-E"
Directory: /home/a/catkin_ws/src/GeographicLib-1.50.1/BUILD
"GeodSolve60" start time: Sep 12 02:06 EDT
Output:
----------------------------------------------------------
0.00000000000004 179.99999999999997 18345191.174332712
<end of output>
Test time =   0.00 sec
----------------------------------------------------------
Test Pass Reason:
Required regular expression found.Regex=[0\.0000000000000[34] 179\.9999999999999[5-7] 18345191\.17433271[2-6]
]
"GeodSolve60" end time: Sep 12 02:06 EDT
"GeodSolve60" time elapsed: 00:00:00
----------------------------------------------------------

84/167 Testing: GeodSolve61
84/167 Test: GeodSolve61
Command: "/home/a/catkin_ws/src/GeographicLib-1.50.1/BUILD/tools/GeodSolve" "-u" "-p" "0" "--input-string" "45 0 -0.000000000000000003 1e7"
Directory: /home/a/catkin_ws/src/GeographicLib-1.50.1/BUILD
"GeodSolve61" start time: Sep 12 02:06 EDT
Output:
----------------------------------------------------------
45.30632 -180.00000 180.00000
<end of output>
Test time =   0.00 sec
----------------------------------------------------------
Test Pass Reason:
Required regular expression found.Regex=[45\.30632 -180\.00000 -?180\.00000
]
"GeodSolve61" end time: Sep 12 02:06 EDT
"GeodSolve61" time elapsed: 00:00:00
----------------------------------------------------------

85/167 Testing: GeodSolve62
85/167 Test: GeodSolve62
Command: "/home/a/catkin_ws/src/GeographicLib-1.50.1/BUILD/tools/GeodSolve" "-u" "-p" "0" "-I" "45" "0" "80" "-0.000000000000000003" "--input-string" "1e7"
Directory: /home/a/catkin_ws/src/GeographicLib-1.50.1/BUILD
"GeodSolve62" start time: Sep 12 02:06 EDT
Output:
----------------------------------------------------------
45.30632 -180.00000 180.00000
<end of output>
Test time =   0.00 sec
----------------------------------------------------------
Test Pass Reason:
Required regular expression found.Regex=[45\.30632 -180\.00000 -?180\.00000
]
"GeodSolve62" end time: Sep 12 02:06 EDT
"GeodSolve62" time elapsed: 00:00:00
----------------------------------------------------------

86/167 Testing: GeodSolve63
86/167 Test: GeodSolve63
Command: "/home/a/catkin_ws/src/GeographicLib-1.50.1/BUILD/tools/GeodSolve" "-u" "-p" "0" "--input-string" "45 0 -0.000000000000000003 1e7" "-E"
Directory: /home/a/catkin_ws/src/GeographicLib-1.50.1/BUILD
"GeodSolve63" start time: Sep 12 02:06 EDT
Output:
----------------------------------------------------------
45.30632 -180.00000 180.00000
<end of output>
Test time =   0.00 sec
----------------------------------------------------------
Test Pass Reason:
Required regular expression found.Regex=[45\.30632 -180\.00000 -?180\.00000
]
"GeodSolve63" end time: Sep 12 02:06 EDT
"GeodSolve63" time elapsed: 00:00:00
----------------------------------------------------------

87/167 Testing: GeodSolve64
87/167 Test: GeodSolve64
Command: "/home/a/catkin_ws/src/GeographicLib-1.50.1/BUILD/tools/GeodSolve" "-u" "-p" "0" "-I" "45" "0" "80" "-0.000000000000000003" "--input-string" "1e7" "-E"
Directory: /home/a/catkin_ws/src/GeographicLib-1.50.1/BUILD
"GeodSolve64" start time: Sep 12 02:06 EDT
Output:
----------------------------------------------------------
45.30632 -180.00000 180.00000
<end of output>
Test time =   0.00 sec
----------------------------------------------------------
Test Pass Reason:
Required regular expression found.Regex=[45\.30632 -180\.00000 -?180\.00000
]
"GeodSolve64" end time: Sep 12 02:06 EDT
"GeodSolve64" time elapsed: 00:00:00
----------------------------------------------------------

88/167 Testing: GeodSolve65
88/167 Test: GeodSolve65
Command: "/home/a/catkin_ws/src/GeographicLib-1.50.1/BUILD/tools/GeodSolve" "-I" "30" "-0.000000000000000001" "-31" "180" "-f" "-u" "-p" "0" "--input-string" "1e7;2e7"
Directory: /home/a/catkin_ws/src/GeographicLib-1.50.1/BUILD
"GeodSolve65" start time: Sep 12 02:06 EDT
Output:
----------------------------------------------------------
30.00000 -0.00000 180.00000 -60.23169 -0.00000 180.00000 10000000 90.06544 6363636 -0.0012834 0.0013749 0
30.00000 -0.00000 180.00000 -30.03547 -180.00000 -0.00000 20000000 179.96459 54342 -1.0045592 -0.9954339 127516405431022
<end of output>
Test time =   0.00 sec
----------------------------------------------------------
Test Pass Reason:
Required regular expression found.Regex=[30\.00000 -0\.00000 -?180\.00000 -60\.23169 -0\.00000 -?180\.00000 10000000 90\.06544 6363636 -0\.0012834 0\.0013749 0[
]+30\.00000 -0\.00000 -?180\.00000 -30\.03547 -180\.00000 -0\.00000 20000000 179\.96459 54342 -1\.0045592 -0\.9954339 127516405431022
]
"GeodSolve65" end time: Sep 12 02:06 EDT
"GeodSolve65" time elapsed: 00:00:00
----------------------------------------------------------

89/167 Testing: GeodSolve66
89/167 Test: GeodSolve66
Command: "/home/a/catkin_ws/src/GeographicLib-1.50.1/BUILD/tools/GeodSolve" "-I" "30" "-0.000000000000000001" "-31" "180" "-f" "-u" "-p" "0" "--input-string" "1e7;2e7" "-E"
Directory: /home/a/catkin_ws/src/GeographicLib-1.50.1/BUILD
"GeodSolve66" start time: Sep 12 02:06 EDT
Output:
----------------------------------------------------------
30.00000 -0.00000 180.00000 -60.23169 -0.00000 180.00000 10000000 90.06544 6363636 -0.0012834 0.0013749 0
30.00000 -0.00000 180.00000 -30.03547 -180.00000 -0.00000 20000000 179.96459 54342 -1.0045592 -0.9954339 127516405431022
<end of output>
Test time =   0.00 sec
----------------------------------------------------------
Test Pass Reason:
Required regular expression found.Regex=[30\.00000 -0\.00000 -?180\.00000 -60\.23169 -0\.00000 -?180\.00000 10000000 90\.06544 6363636 -0\.0012834 0\.0013749 0[
]+30\.00000 -0\.00000 -?180\.00000 -30\.03547 -180\.00000 -0\.00000 20000000 179\.96459 54342 -1\.0045592 -0\.9954339 127516405431022
]
"GeodSolve66" end time: Sep 12 02:06 EDT
"GeodSolve66" time elapsed: 00:00:00
----------------------------------------------------------

90/167 Testing: GeodSolve67
90/167 Test: GeodSolve67
Command: "/home/a/catkin_ws/src/GeographicLib-1.50.1/BUILD/tools/GeodSolve" "-u" "-p" "0" "-I" "-5" "-0.000000000000002" "-10" "180" "--input-string" "2e7"
Directory: /home/a/catkin_ws/src/GeographicLib-1.50.1/BUILD
"GeodSolve67" start time: Sep 12 02:06 EDT
Output:
----------------------------------------------------------
4.96445 -180.00000 -0.00000
<end of output>
Test time =   0.00 sec
----------------------------------------------------------
Test Pass Reason:
Required regular expression found.Regex=[4\.96445 -180\.00000 -0\.00000
]
"GeodSolve67" end time: Sep 12 02:06 EDT
"GeodSolve67" time elapsed: 00:00:00
----------------------------------------------------------

91/167 Testing: GeodSolve68
91/167 Test: GeodSolve68
Command: "/home/a/catkin_ws/src/GeographicLib-1.50.1/BUILD/tools/GeodSolve" "-u" "-p" "0" "-I" "-5" "-0.000000000000002" "-10" "180" "--input-string" "2e7" "-E"
Directory: /home/a/catkin_ws/src/GeographicLib-1.50.1/BUILD
"GeodSolve68" start time: Sep 12 02:06 EDT
Output:
----------------------------------------------------------
4.96445 -180.00000 -0.00000
<end of output>
Test time =   0.00 sec
----------------------------------------------------------
Test Pass Reason:
Required regular expression found.Regex=[4\.96445 -180\.00000 -0\.00000
]
"GeodSolve68" end time: Sep 12 02:06 EDT
"GeodSolve68" time elapsed: 00:00:00
----------------------------------------------------------

92/167 Testing: GeodSolve69
92/167 Test: GeodSolve69
Command: "/home/a/catkin_ws/src/GeographicLib-1.50.1/BUILD/tools/GeodSolve" "-u" "-p" "0" "-I" "-5" "-0.000000000000002" "-10" "180" "--input-string" "0.5" "-F"
Directory: /home/a/catkin_ws/src/GeographicLib-1.50.1/BUILD
"GeodSolve69" start time: Sep 12 02:06 EDT
Output:
----------------------------------------------------------
-87.52461 -0.00000 -180.00000
<end of output>
Test time =   0.00 sec
----------------------------------------------------------
Test Pass Reason:
Required regular expression found.Regex=[-87\.52461 -0\.00000 -180\.00000
]
"GeodSolve69" end time: Sep 12 02:06 EDT
"GeodSolve69" time elapsed: 00:00:00
----------------------------------------------------------

93/167 Testing: GeodSolve70
93/167 Test: GeodSolve70
Command: "/home/a/catkin_ws/src/GeographicLib-1.50.1/BUILD/tools/GeodSolve" "-u" "-p" "0" "-I" "-5" "-0.000000000000002" "-10" "180" "--input-string" "0.5" "-F" "-E"
Directory: /home/a/catkin_ws/src/GeographicLib-1.50.1/BUILD
"GeodSolve70" start time: Sep 12 02:06 EDT
Output:
----------------------------------------------------------
-87.52461 -0.00000 -180.00000
<end of output>
Test time =   0.00 sec
----------------------------------------------------------
Test Pass Reason:
Required regular expression found.Regex=[-87\.52461 -0\.00000 -180\.00000
]
"GeodSolve70" end time: Sep 12 02:06 EDT
"GeodSolve70" time elapsed: 00:00:00
----------------------------------------------------------

94/167 Testing: GeodSolve71
94/167 Test: GeodSolve71
Command: "/home/a/catkin_ws/src/GeographicLib-1.50.1/BUILD/tools/GeodSolve" "-D" "1" "2" "45" "1e7" "-p" "0" "--input-string" "0.5" "-F"
Directory: /home/a/catkin_ws/src/GeographicLib-1.50.1/BUILD
"GeodSolve71" start time: Sep 12 02:06 EDT
Output:
----------------------------------------------------------
30.92625 37.54640 55.43104
<end of output>
Test time =   0.00 sec
----------------------------------------------------------
Test Pass Reason:
Required regular expression found.Regex=[30\.92625 37\.54640 55\.43104
]
"GeodSolve71" end time: Sep 12 02:06 EDT
"GeodSolve71" time elapsed: 00:00:00
----------------------------------------------------------

95/167 Testing: GeodSolve72
95/167 Test: GeodSolve72
Command: "/home/a/catkin_ws/src/GeographicLib-1.50.1/BUILD/tools/GeodSolve" "-D" "1" "2" "45" "1e7" "-p" "0" "--input-string" "0.5" "-F"
Directory: /home/a/catkin_ws/src/GeographicLib-1.50.1/BUILD
"GeodSolve72" start time: Sep 12 02:06 EDT
Output:
----------------------------------------------------------
30.92625 37.54640 55.43104
<end of output>
Test time =   0.00 sec
----------------------------------------------------------
Test Pass Reason:
Required regular expression found.Regex=[30\.92625 37\.54640 55\.43104
]
"GeodSolve72" end time: Sep 12 02:06 EDT
"GeodSolve72" time elapsed: 00:00:00
----------------------------------------------------------

96/167 Testing: GeodSolve73
96/167 Test: GeodSolve73
Command: "/home/a/catkin_ws/src/GeographicLib-1.50.1/BUILD/tools/GeodSolve" "-p" "0" "--input-string" "90 10 180 -1e6"
Directory: /home/a/catkin_ws/src/GeographicLib-1.50.1/BUILD
"GeodSolve73" start time: Sep 12 02:06 EDT
Output:
----------------------------------------------------------
81.04623 -170.00000 0.00000
<end of output>
Test time =   0.00 sec
----------------------------------------------------------
Test Pass Reason:
Required regular expression found.Regex=[81\.04623 -170\.00000 0\.00000
]
"GeodSolve73" end time: Sep 12 02:06 EDT
"GeodSolve73" time elapsed: 00:00:00
----------------------------------------------------------

97/167 Testing: GeodSolve74
97/167 Test: GeodSolve74
Command: "/home/a/catkin_ws/src/GeographicLib-1.50.1/BUILD/tools/GeodSolve" "-i" "-p" "10" "-f" "--input-string" "54.1589 15.3872 54.1591 15.3877"
Directory: /home/a/catkin_ws/src/GeographicLib-1.50.1/BUILD
"GeodSolve74" start time: Sep 12 02:06 EDT
Output:
----------------------------------------------------------
54.158900000000003 15.387200000000000 55.723110354612096 54.159100000000002 15.387700000000001 55.723515677124311 39.5276863853 0.000355493251256 39.5276863851 0.99999999998083666 0.99999999998083666 286698586.302
<end of output>
Test time =   0.00 sec
----------------------------------------------------------
Test Pass Reason:
Required regular expression found.Regex=[54.* 15.* 55\.72311035.* 54.* 15.* 55\.72351567.* 39\.52768638.* 0\.00035549.* 39\.52768638.* 0\.99999999.* 0\.99999999.* 286698586\.302
]
"GeodSolve74" end time: Sep 12 02:06 EDT
"GeodSolve74" time elapsed: 00:00:00
----------------------------------------------------------

98/167 Testing: GeodSolve75
98/167 Test: GeodSolve75
Command: "/home/a/catkin_ws/src/GeographicLib-1.50.1/BUILD/tools/GeodSolve" "-i" "-p" "10" "-f" "--input-string" "54.1589 15.3872 54.1591 15.3877" "-E"
Directory: /home/a/catkin_ws/src/GeographicLib-1.50.1/BUILD
"GeodSolve75" start time: Sep 12 02:06 EDT
Output:
----------------------------------------------------------
54.158900000000003 15.387200000000000 55.723110354580328 54.159100000000002 15.387700000000001 55.723515677092550 39.5276863864 0.000355493251263 39.5276863858 0.99999999998083655 0.99999999998083655 286698586.299
<end of output>
Test time =   0.00 sec
----------------------------------------------------------
Test Pass Reason:
Required regular expression found.Regex=[54.* 15.* 55\.72311035.* 54.* 15.* 55\.72351567.* 39\.52768638.* 0\.00035549.* 39\.52768638.* 0\.99999999.* 0\.99999999.* 286698586\.(29[89]|30[0-5])
]
"GeodSolve75" end time: Sep 12 02:06 EDT
"GeodSolve75" time elapsed: 00:00:00
----------------------------------------------------------

99/167 Testing: GeodSolve76
99/167 Test: GeodSolve76
Command: "/home/a/catkin_ws/src/GeographicLib-1.50.1/BUILD/tools/GeodSolve" "-i" "-p" "6" "--input-string" "41:19S 174:49E 40:58N 5:30W"
Directory: /home/a/catkin_ws/src/GeographicLib-1.50.1/BUILD
"GeodSolve76" start time: Sep 12 02:06 EDT
Output:
----------------------------------------------------------
160.39137649664 19.50042925176 19960543.857179
<end of output>
Test time =   0.00 sec
----------------------------------------------------------
Test Pass Reason:
Required regular expression found.Regex=[160\.39137649664 19\.50042925176 19960543\.857179
]
"GeodSolve76" end time: Sep 12 02:06 EDT
"GeodSolve76" time elapsed: 00:00:00
----------------------------------------------------------

100/167 Testing: GeodSolve77
100/167 Test: GeodSolve77
Command: "/home/a/catkin_ws/src/GeographicLib-1.50.1/BUILD/tools/GeodSolve" "-i" "-p" "6" "--input-string" "41:19S 174:49E 40:58N 5:30W" "-E"
Directory: /home/a/catkin_ws/src/GeographicLib-1.50.1/BUILD
"GeodSolve77" start time: Sep 12 02:06 EDT
Output:
----------------------------------------------------------
160.39137649664 19.50042925176 19960543.857179
<end of output>
Test time =   0.00 sec
----------------------------------------------------------
Test Pass Reason:
Required regular expression found.Regex=[160\.39137649664 19\.50042925176 19960543\.857179
]
"GeodSolve77" end time: Sep 12 02:06 EDT
"GeodSolve77" time elapsed: 00:00:00
----------------------------------------------------------

101/167 Testing: GeodSolve78
101/167 Test: GeodSolve78
Command: "/home/a/catkin_ws/src/GeographicLib-1.50.1/BUILD/tools/GeodSolve" "-i" "-p" "6" "--input-string" "27.2 0 -27.1 179.5"
Directory: /home/a/catkin_ws/src/GeographicLib-1.50.1/BUILD
"GeodSolve78" start time: Sep 12 02:06 EDT
Output:
----------------------------------------------------------
45.82468716758 134.22776532670 19974354.765767
<end of output>
Test time =   0.00 sec
----------------------------------------------------------
Test Pass Reason:
Required regular expression found.Regex=[45\.82468716758 134\.22776532670 19974354\.765767
]
"GeodSolve78" end time: Sep 12 02:06 EDT
"GeodSolve78" time elapsed: 00:00:00
----------------------------------------------------------

102/167 Testing: GeodSolve79
102/167 Test: GeodSolve79
Command: "/home/a/catkin_ws/src/GeographicLib-1.50.1/BUILD/tools/GeodSolve" "-i" "-p" "6" "--input-string" "27.2 0 -27.1 179.5" "-E"
Directory: /home/a/catkin_ws/src/GeographicLib-1.50.1/BUILD
"GeodSolve79" start time: Sep 12 02:06 EDT
Output:
----------------------------------------------------------
45.82468716758 134.22776532670 19974354.765767
<end of output>
Test time =   0.00 sec
----------------------------------------------------------
Test Pass Reason:
Required regular expression found.Regex=[45\.82468716758 134\.22776532670 19974354\.765767
]
"GeodSolve79" end time: Sep 12 02:06 EDT
"GeodSolve79" time elapsed: 00:00:00
----------------------------------------------------------

103/167 Testing: GeodSolve80
103/167 Test: GeodSolve80
Command: "/home/a/catkin_ws/src/GeographicLib-1.50.1/BUILD/tools/GeodSolve" "-i" "--input-string" "0 0 0 90" "-f"
Directory: /home/a/catkin_ws/src/GeographicLib-1.50.1/BUILD
"GeodSolve80" start time: Sep 12 02:06 EDT
Output:
----------------------------------------------------------
0.00000000 0.00000000 90.00000000 0.00000000 90.00000000 90.00000000 10018754.171 90.30276808 6356663.562 -0.0052842753 -0.0052842753 0
<end of output>
Test time =   0.00 sec
----------------------------------------------------------
Test Pass Reason:
Required regular expression found.Regex=[ -0\.0052842753 -0\.0052842753 
]
"GeodSolve80" end time: Sep 12 02:06 EDT
"GeodSolve80" time elapsed: 00:00:00
----------------------------------------------------------

104/167 Testing: GeodSolve81
104/167 Test: GeodSolve81
Command: "/home/a/catkin_ws/src/GeographicLib-1.50.1/BUILD/tools/GeodSolve" "-i" "--input-string" "0 0 0.000001 0.000001" "-f"
Directory: /home/a/catkin_ws/src/GeographicLib-1.50.1/BUILD
"GeodSolve81" start time: Sep 12 02:06 EDT
Output:
----------------------------------------------------------
0.00000000 0.00000000 45.19242322 0.00000100 0.00000100 45.19242322 0.157 0.00000141 0.157 1.0000000000 1.0000000000 0
<end of output>
Test time =   0.00 sec
----------------------------------------------------------
Test Pass Reason:
Required regular expression found.Regex=[ 0\.157 1\.0000000000 1\.0000000000 0
]
"GeodSolve81" end time: Sep 12 02:06 EDT
"GeodSolve81" time elapsed: 00:00:00
----------------------------------------------------------

105/167 Testing: GeodSolve82
105/167 Test: GeodSolve82
Command: "/home/a/catkin_ws/src/GeographicLib-1.50.1/BUILD/tools/GeodSolve" "-i" "--input-string" "20.001 0 20.001 0" "-f"
Directory: /home/a/catkin_ws/src/GeographicLib-1.50.1/BUILD
"GeodSolve82" start time: Sep 12 02:06 EDT
Output:
----------------------------------------------------------
20.00100000 0.00000000 180.00000000 20.00100000 0.00000000 180.00000000 0.000 0.00000000 0.000 1.0000000000 1.0000000000 0
<end of output>
Test time =   0.00 sec
----------------------------------------------------------
Test Pass Reason:
Required regular expression found.Regex=[20\.0010* 0\.0* 180\.0* 20\.0010* 0\.0* 180\.0* 0\.0* 0\.0* 0\.0* 1\.0* 1\.0* -?0
]
"GeodSolve82" end time: Sep 12 02:06 EDT
"GeodSolve82" time elapsed: 00:00:00
----------------------------------------------------------

106/167 Testing: GeodSolve83
106/167 Test: GeodSolve83
Command: "/home/a/catkin_ws/src/GeographicLib-1.50.1/BUILD/tools/GeodSolve" "-i" "--input-string" "90 0 90 180" "-f"
Directory: /home/a/catkin_ws/src/GeographicLib-1.50.1/BUILD
"GeodSolve83" start time: Sep 12 02:06 EDT
Output:
----------------------------------------------------------
90.00000000 0.00000000 0.00000000 90.00000000 180.00000000 180.00000000 0.000 0.00000000 0.000 1.0000000000 1.0000000000 127516405431022
<end of output>
Test time =   0.00 sec
----------------------------------------------------------
Test Pass Reason:
Required regular expression found.Regex=[90\.0* 0\.0* 0\.0* 90\.0* 180\.0* 180\.0* 0\.0* 0\.0* 0\.0* 1\.0* 1\.0* 127516405431022
]
"GeodSolve83" end time: Sep 12 02:06 EDT
"GeodSolve83" time elapsed: 00:00:00
----------------------------------------------------------

107/167 Testing: GeodSolve84
107/167 Test: GeodSolve84
Command: "/home/a/catkin_ws/src/GeographicLib-1.50.1/BUILD/tools/GeodSolve" "--input-string" "0 0 90 inf"
Directory: /home/a/catkin_ws/src/GeographicLib-1.50.1/BUILD
"GeodSolve84" start time: Sep 12 02:06 EDT
Output:
----------------------------------------------------------
nan nan nan
<end of output>
Test time =   0.00 sec
----------------------------------------------------------
Test Pass Reason:
Required regular expression found.Regex=[nan nan nan
]
"GeodSolve84" end time: Sep 12 02:06 EDT
"GeodSolve84" time elapsed: 00:00:00
----------------------------------------------------------

108/167 Testing: GeodSolve85
108/167 Test: GeodSolve85
Command: "/home/a/catkin_ws/src/GeographicLib-1.50.1/BUILD/tools/GeodSolve" "--input-string" "0 0 90 nan"
Directory: /home/a/catkin_ws/src/GeographicLib-1.50.1/BUILD
"GeodSolve85" start time: Sep 12 02:06 EDT
Output:
----------------------------------------------------------
nan nan nan
<end of output>
Test time =   0.00 sec
----------------------------------------------------------
Test Pass Reason:
Required regular expression found.Regex=[nan nan nan
]
"GeodSolve85" end time: Sep 12 02:06 EDT
"GeodSolve85" time elapsed: 00:00:00
----------------------------------------------------------

109/167 Testing: GeodSolve86
109/167 Test: GeodSolve86
Command: "/home/a/catkin_ws/src/GeographicLib-1.50.1/BUILD/tools/GeodSolve" "--input-string" "0 0 inf 1000"
Directory: /home/a/catkin_ws/src/GeographicLib-1.50.1/BUILD
"GeodSolve86" start time: Sep 12 02:06 EDT
Output:
----------------------------------------------------------
nan nan nan
<end of output>
Test time =   0.00 sec
----------------------------------------------------------
Test Pass Reason:
Required regular expression found.Regex=[nan nan nan
]
"GeodSolve86" end time: Sep 12 02:06 EDT
[...]
"Planimeter27" start time: Sep 12 02:06 EDT
Output:
----------------------------------------------------------
12 101048464.914861 -157735539466285.8
<end of output>
Test time =   0.00 sec
----------------------------------------------------------
Test Pass Reason:
Required regular expression found.Regex=[ -157735539466285\.[6-9]
]
"Planimeter27" end time: Sep 12 02:06 EDT
"Planimeter27" time elapsed: 00:00:00
----------------------------------------------------------

143/167 Testing: Planimeter28
143/167 Test: Planimeter28
Command: "/home/a/catkin_ws/src/GeographicLib-1.50.1/BUILD/tools/Planimeter" "--input-string" "45 60;45 180;45 -60;45 60;45 180;45 -60;45 60;45 180;45 -60;45 60;45 180;45 -60" "-r" "-s"
Directory: /home/a/catkin_ws/src/GeographicLib-1.50.1/BUILD
"Planimeter28" start time: Sep 12 02:06 EDT
Output:
----------------------------------------------------------
12 101048464.914861 352330082257802.7
<end of output>
Test time =   0.00 sec
----------------------------------------------------------
Test Pass Reason:
Required regular expression found.Regex=[ 352330082257802\.[5-9]
]
"Planimeter28" end time: Sep 12 02:06 EDT
"Planimeter28" time elapsed: 00:00:00
----------------------------------------------------------

144/167 Testing: ConicProj0
144/167 Test: ConicProj0
Command: "/home/a/catkin_ws/src/GeographicLib-1.50.1/BUILD/tools/ConicProj" "-a" "40d58" "39d56" "-l" "77d45W" "-r" "--input-string" "220e3 -52e3"
Directory: /home/a/catkin_ws/src/GeographicLib-1.50.1/BUILD
"ConicProj0" start time: Sep 12 02:06 EDT
Output:
----------------------------------------------------------
39.95481374925 -75.17502526723 1.670535759228 0.999996726544
<end of output>
Test time =   0.00 sec
----------------------------------------------------------
Test Pass Reason:
Required regular expression found.Regex=[39\.95[0-9]+ -75\.17[0-9]+ 1\.67[0-9]+ 0\.99[0-9]+
]
"ConicProj0" end time: Sep 12 02:06 EDT
"ConicProj0" time elapsed: 00:00:00
----------------------------------------------------------

145/167 Testing: ConicProj1
145/167 Test: ConicProj1
Command: "/home/a/catkin_ws/src/GeographicLib-1.50.1/BUILD/tools/ConicProj" "-a" "0" "0" "-e" "6.4e6" "-0.5" "-r" "--input-string" "0 8605508"
Directory: /home/a/catkin_ws/src/GeographicLib-1.50.1/BUILD
"ConicProj1" start time: Sep 12 02:06 EDT
Output:
----------------------------------------------------------
85.00002605400 0.00000000000 0.000000000000 17.174306224675
<end of output>
Test time =   0.00 sec
----------------------------------------------------------
Test Pass Reason:
Required regular expression found.Regex=[^85\.00
]
"ConicProj1" end time: Sep 12 02:06 EDT
"ConicProj1" time elapsed: 00:00:00
----------------------------------------------------------

146/167 Testing: ConicProj2
146/167 Test: ConicProj2
Command: "/home/a/catkin_ws/src/GeographicLib-1.50.1/BUILD/tools/ConicProj" "-c" "-30" "-30" "--input-string" "-30 0"
Directory: /home/a/catkin_ws/src/GeographicLib-1.50.1/BUILD
"ConicProj2" start time: Sep 12 02:06 EDT
Output:
----------------------------------------------------------
0.000000 -0.000000 -0.000000000000 1.000000000000
<end of output>
Test time =   0.00 sec
----------------------------------------------------------
Test Pass Reason:
Required regular expression found.Regex=[^-?0\.0+ -?0\.0+ -?0\.0+ 1\.0+
]
"ConicProj2" end time: Sep 12 02:06 EDT
"ConicProj2" time elapsed: 00:00:00
----------------------------------------------------------

147/167 Testing: ConicProj3
147/167 Test: ConicProj3
Command: "/home/a/catkin_ws/src/GeographicLib-1.50.1/BUILD/tools/ConicProj" "-r" "-c" "0" "0" "--input-string" "1113195 -1e10"
Directory: /home/a/catkin_ws/src/GeographicLib-1.50.1/BUILD
"ConicProj3" start time: Sep 12 02:06 EDT
Output:
----------------------------------------------------------
-90.00000000000 10.00000082705 0.000000000000 20214406524425874319170156363776.000000000000
<end of output>
Test time =   0.00 sec
----------------------------------------------------------
Test Pass Reason:
Required regular expression found.Regex=[^-90\.0+ 10\.00[0-9]+ 
]
"ConicProj3" end time: Sep 12 02:06 EDT
"ConicProj3" time elapsed: 00:00:00
----------------------------------------------------------

148/167 Testing: ConicProj4
148/167 Test: ConicProj4
Command: "/home/a/catkin_ws/src/GeographicLib-1.50.1/BUILD/tools/ConicProj" "-r" "-c" "0" "0" "--input-string" "1113195 inf"
Directory: /home/a/catkin_ws/src/GeographicLib-1.50.1/BUILD
"ConicProj4" start time: Sep 12 02:06 EDT
Output:
----------------------------------------------------------
90.00000000000 10.00000082705 0.000000000000 20214406524425876570969970049024.000000000000
<end of output>
Test time =   0.00 sec
----------------------------------------------------------
Test Pass Reason:
Required regular expression found.Regex=[^90\.0+ 10\.00[0-9]+ 
]
"ConicProj4" end time: Sep 12 02:06 EDT
"ConicProj4" time elapsed: 00:00:00
----------------------------------------------------------

149/167 Testing: ConicProj5
149/167 Test: ConicProj5
Command: "/home/a/catkin_ws/src/GeographicLib-1.50.1/BUILD/tools/ConicProj" "-r" "-c" "45" "45" "--input-string" "0 -1e100"
Directory: /home/a/catkin_ws/src/GeographicLib-1.50.1/BUILD
"ConicProj5" start time: Sep 12 02:06 EDT
Output:
----------------------------------------------------------
-90.00000000000 0.00000000000 0.000000000000 593415006546530957869428790174638201166892621056966656.000000000000
<end of output>
Test time =   0.00 sec
----------------------------------------------------------
Test Pass Reason:
Required regular expression found.Regex=[^-90\.0+ -?0\.00[0-9]+ 
]
"ConicProj5" end time: Sep 12 02:06 EDT
"ConicProj5" time elapsed: 00:00:00
----------------------------------------------------------

150/167 Testing: ConicProj6
150/167 Test: ConicProj6
Command: "/home/a/catkin_ws/src/GeographicLib-1.50.1/BUILD/tools/ConicProj" "-r" "-c" "45" "45" "--input-string" "0 -inf"
Directory: /home/a/catkin_ws/src/GeographicLib-1.50.1/BUILD
"ConicProj6" start time: Sep 12 02:06 EDT
Output:
----------------------------------------------------------
-90.00000000000 0.00000000000 0.000000000000 593415006546530957869428790174638201166892621056966656.000000000000
<end of output>
Test time =   0.00 sec
----------------------------------------------------------
Test Pass Reason:
Required regular expression found.Regex=[^-90\.0+ -?0\.00[0-9]+ 
]
"ConicProj6" end time: Sep 12 02:06 EDT
"ConicProj6" time elapsed: 00:00:00
----------------------------------------------------------

151/167 Testing: ConicProj7
151/167 Test: ConicProj7
Command: "/home/a/catkin_ws/src/GeographicLib-1.50.1/BUILD/tools/ConicProj" "-r" "-c" "90" "90" "--input-string" "0 -1e150"
Directory: /home/a/catkin_ws/src/GeographicLib-1.50.1/BUILD
"ConicProj7" start time: Sep 12 02:06 EDT
Output:
----------------------------------------------------------
-90.00000000000 0.00000000000 0.000000000000 1623571418297993469771590661362371071661943763535161211089846272.000000000000
<end of output>
Test time =   0.00 sec
----------------------------------------------------------
Test Pass Reason:
Required regular expression found.Regex=[^-90\.0+ -?0\.00[0-9]+ 
]
"ConicProj7" end time: Sep 12 02:06 EDT
"ConicProj7" time elapsed: 00:00:00
----------------------------------------------------------

152/167 Testing: ConicProj8
152/167 Test: ConicProj8
Command: "/home/a/catkin_ws/src/GeographicLib-1.50.1/BUILD/tools/ConicProj" "-r" "-c" "90" "90" "--input-string" "0 -inf"
Directory: /home/a/catkin_ws/src/GeographicLib-1.50.1/BUILD
"ConicProj8" start time: Sep 12 02:06 EDT
Output:
----------------------------------------------------------
-90.00000000000 0.00000000000 0.000000000000 1623571418297993469771590661362371071661943763535161211089846272.000000000000
<end of output>
Test time =   0.00 sec
----------------------------------------------------------
Test Pass Reason:
Required regular expression found.Regex=[^-90\.0+ -?0\.00[0-9]+ 
]
"ConicProj8" end time: Sep 12 02:06 EDT
"ConicProj8" time elapsed: 00:00:00
----------------------------------------------------------

153/167 Testing: CartConvert0
153/167 Test: CartConvert0
Command: "/home/a/catkin_ws/src/GeographicLib-1.50.1/BUILD/tools/CartConvert" "-e" "6.4e6" "1/100" "-r" "--input-string" "10e3 0 1e3"
Directory: /home/a/catkin_ws/src/GeographicLib-1.50.1/BUILD
"CartConvert0" start time: Sep 12 02:06 EDT
Output:
----------------------------------------------------------
85.57605637501 0.00000000000 -6334614.328681
<end of output>
Test time =   0.00 sec
----------------------------------------------------------
Test Pass Reason:
Required regular expression found.Regex=[85\.57[0-9]+ 0\.0[0]+ -6334614\.[0-9]+
]
"CartConvert0" end time: Sep 12 02:06 EDT
"CartConvert0" time elapsed: 00:00:00
----------------------------------------------------------

154/167 Testing: CartConvert1
154/167 Test: CartConvert1
Command: "/home/a/catkin_ws/src/GeographicLib-1.50.1/BUILD/tools/CartConvert" "-e" "6.4e6" "-1/100" "-r" "--input-string" "1e3 0 10e3"
Directory: /home/a/catkin_ws/src/GeographicLib-1.50.1/BUILD
"CartConvert1" start time: Sep 12 02:06 EDT
Output:
----------------------------------------------------------
4.42416201020 0.00000000000 -6398614.309565
<end of output>
Test time =   0.00 sec
----------------------------------------------------------
Test Pass Reason:
Required regular expression found.Regex=[4\.42[0-9]+ 0\.0[0]+ -6398614\.[0-9]+
]
"CartConvert1" end time: Sep 12 02:06 EDT
"CartConvert1" time elapsed: 00:00:00
----------------------------------------------------------

155/167 Testing: TransverseMercatorProj0
155/167 Test: TransverseMercatorProj0
Command: "/home/a/catkin_ws/src/GeographicLib-1.50.1/BUILD/tools/TransverseMercatorProj" "-k" "1" "--input-string" "90 75"
Directory: /home/a/catkin_ws/src/GeographicLib-1.50.1/BUILD
"TransverseMercatorProj0" start time: Sep 12 02:06 EDT
Output:
----------------------------------------------------------
0.000000 10001965.729313 75.000000000000 1.000000000000
<end of output>
Test time =   0.00 sec
----------------------------------------------------------
Test Pass Reason:
Required regular expression found.Regex=[^0\.0+ 10001965\.7293[0-9]+ 75\.0+ 1\.0+
]
"TransverseMercatorProj0" end time: Sep 12 02:06 EDT
"TransverseMercatorProj0" time elapsed: 00:00:00
----------------------------------------------------------

156/167 Testing: TransverseMercatorProj1
156/167 Test: TransverseMercatorProj1
Command: "/home/a/catkin_ws/src/GeographicLib-1.50.1/BUILD/tools/TransverseMercatorProj" "-k" "1" "--input-string" "90 75" "-s"
Directory: /home/a/catkin_ws/src/GeographicLib-1.50.1/BUILD
"TransverseMercatorProj1" start time: Sep 12 02:06 EDT
Output:
----------------------------------------------------------
0.000000 10001965.729313 75.000000000000 1.000000000000
<end of output>
Test time =   0.00 sec
----------------------------------------------------------
Test Pass Reason:
Required regular expression found.Regex=[^0\.0+ 10001965\.7293[0-9]+ 75\.0+ 1\.0+
]
"TransverseMercatorProj1" end time: Sep 12 02:06 EDT
"TransverseMercatorProj1" time elapsed: 00:00:00
----------------------------------------------------------

157/167 Testing: TransverseMercatorProj2
157/167 Test: TransverseMercatorProj2
Command: "/home/a/catkin_ws/src/GeographicLib-1.50.1/BUILD/tools/TransverseMercatorProj" "-k" "1" "-r" "--input-string" "0 10001965.7293127228"
Directory: /home/a/catkin_ws/src/GeographicLib-1.50.1/BUILD
"TransverseMercatorProj2" start time: Sep 12 02:06 EDT
Output:
----------------------------------------------------------
90.00000000000 0.00000000000 0.000000000000 1.000000000000
<end of output>
Test time =   0.00 sec
----------------------------------------------------------
Test Pass Reason:
Required regular expression found.Regex=[(90\.0+ 0\.0+ 0\.0+|(90\.0+|89\.99999999999[0-9]+) -?180\.0+ -?180\.0+) (1\.0000+|0\.9999+)
]
"TransverseMercatorProj2" end time: Sep 12 02:06 EDT
"TransverseMercatorProj2" time elapsed: 00:00:00
----------------------------------------------------------

158/167 Testing: TransverseMercatorProj3
158/167 Test: TransverseMercatorProj3
Command: "/home/a/catkin_ws/src/GeographicLib-1.50.1/BUILD/tools/TransverseMercatorProj" "-k" "1" "-r" "--input-string" "0 10001965.7293127228" "-s"
Directory: /home/a/catkin_ws/src/GeographicLib-1.50.1/BUILD
"TransverseMercatorProj3" start time: Sep 12 02:06 EDT
Output:
----------------------------------------------------------
90.00000000000 180.00000000000 180.000000000000 1.000000000000
<end of output>
Test time =   0.00 sec
----------------------------------------------------------
Test Pass Reason:
Required regular expression found.Regex=[(90\.0+ 0\.0+ 0\.0+|(90\.0+|89\.99999999999[0-9]+) -?180\.0+ -?180\.0+) (1\.0000+|0\.9999+)
]
"TransverseMercatorProj3" end time: Sep 12 02:06 EDT
"TransverseMercatorProj3" time elapsed: 00:00:00
----------------------------------------------------------

159/167 Testing: TransverseMercatorProj4
159/167 Test: TransverseMercatorProj4
Command: "/home/a/catkin_ws/src/GeographicLib-1.50.1/BUILD/tools/TransverseMercatorProj" "-e" "6.4e6" "1/150" "--input-string" "20 30"
Directory: /home/a/catkin_ws/src/GeographicLib-1.50.1/BUILD
"TransverseMercatorProj4" start time: Sep 12 02:06 EDT
Output:
----------------------------------------------------------
3266035.453860 2518371.552676 11.207356502141 1.134138960741
<end of output>
Test time =   0.00 sec
----------------------------------------------------------
Test Pass Reason:
Required regular expression found.Regex=[3266035\.453860 2518371\.552676 11\.207356502141 1\.134138960741
]
"TransverseMercatorProj4" end time: Sep 12 02:06 EDT
"TransverseMercatorProj4" time elapsed: 00:00:00
----------------------------------------------------------

160/167 Testing: TransverseMercatorProj5
160/167 Test: TransverseMercatorProj5
Command: "/home/a/catkin_ws/src/GeographicLib-1.50.1/BUILD/tools/TransverseMercatorProj" "-e" "6.4e6" "1/150" "--input-string" "20 30" "-s"
Directory: /home/a/catkin_ws/src/GeographicLib-1.50.1/BUILD
"TransverseMercatorProj5" start time: Sep 12 02:06 EDT
Output:
----------------------------------------------------------
3266035.453860 2518371.552676 11.207356502141 1.134138960741
<end of output>
Test time =   0.00 sec
----------------------------------------------------------
Test Pass Reason:
Required regular expression found.Regex=[3266035\.453860 2518371\.552676 11\.207356502141 1\.134138960741
]
"TransverseMercatorProj5" end time: Sep 12 02:06 EDT
"TransverseMercatorProj5" time elapsed: 00:00:00
----------------------------------------------------------

161/167 Testing: TransverseMercatorProj6
161/167 Test: TransverseMercatorProj6
Command: "/home/a/catkin_ws/src/GeographicLib-1.50.1/BUILD/tools/TransverseMercatorProj" "-e" "6.4e6" "1/150" "--input-string" "3.3e6 2.5e6" "-r"
Directory: /home/a/catkin_ws/src/GeographicLib-1.50.1/BUILD
"TransverseMercatorProj6" start time: Sep 12 02:06 EDT
Output:
----------------------------------------------------------
19.80370996793 30.24919702282 11.214378172893 1.137025775759
<end of output>
Test time =   0.00 sec
----------------------------------------------------------
Test Pass Reason:
Required regular expression found.Regex=[19\.80370996793 30\.24919702282 11\.214378172893 1\.137025775759
]
"TransverseMercatorProj6" end time: Sep 12 02:06 EDT
"TransverseMercatorProj6" time elapsed: 00:00:00
----------------------------------------------------------

162/167 Testing: TransverseMercatorProj7
162/167 Test: TransverseMercatorProj7
Command: "/home/a/catkin_ws/src/GeographicLib-1.50.1/BUILD/tools/TransverseMercatorProj" "-e" "6.4e6" "1/150" "--input-string" "3.3e6 2.5e6" "-r" "-s"
Directory: /home/a/catkin_ws/src/GeographicLib-1.50.1/BUILD
"TransverseMercatorProj7" start time: Sep 12 02:06 EDT
Output:
----------------------------------------------------------
19.80370996793 30.24919702282 11.214378172893 1.137025775759
<end of output>
Test time =   0.00 sec
----------------------------------------------------------
Test Pass Reason:
Required regular expression found.Regex=[19\.80370996793 30\.24919702282 11\.214378172893 1\.137025775759
]
"TransverseMercatorProj7" end time: Sep 12 02:06 EDT
"TransverseMercatorProj7" time elapsed: 00:00:00
----------------------------------------------------------

163/167 Testing: RhumbSolve0
163/167 Test: RhumbSolve0
Command: "/home/a/catkin_ws/src/GeographicLib-1.50.1/BUILD/tools/RhumbSolve" "-p" "3" "-i" "--input-string" "0 0 90 0"
Directory: /home/a/catkin_ws/src/GeographicLib-1.50.1/BUILD
"RhumbSolve0" start time: Sep 12 02:06 EDT
Output:
----------------------------------------------------------
0.00000000 10001965.729 0
<end of output>
Test time =   0.00 sec
----------------------------------------------------------
Test Pass Reason:
Required regular expression found.Regex=[^0\.0+ 10001965\.729 0[
]
]
"RhumbSolve0" end time: Sep 12 02:06 EDT
"RhumbSolve0" time elapsed: 00:00:00
----------------------------------------------------------

164/167 Testing: RhumbSolve1
164/167 Test: RhumbSolve1
Command: "/home/a/catkin_ws/src/GeographicLib-1.50.1/BUILD/tools/RhumbSolve" "-p" "3" "-i" "--input-string" "0 0 90 0" "-s"
Directory: /home/a/catkin_ws/src/GeographicLib-1.50.1/BUILD
"RhumbSolve1" start time: Sep 12 02:06 EDT
Output:
----------------------------------------------------------
0.00000000 10001965.729 0
<end of output>
Test time =   0.00 sec
----------------------------------------------------------
Test Pass Reason:
Required regular expression found.Regex=[^0\.0+ 10001965\.729 0[
]
]
"RhumbSolve1" end time: Sep 12 02:06 EDT
"RhumbSolve1" time elapsed: 00:00:00
----------------------------------------------------------

165/167 Testing: RhumbSolve2
165/167 Test: RhumbSolve2
Command: "/home/a/catkin_ws/src/GeographicLib-1.50.1/BUILD/tools/RhumbSolve" "-p" "3" "-i" "--input-string" "0 0 90 30"
Directory: /home/a/catkin_ws/src/GeographicLib-1.50.1/BUILD
"RhumbSolve2" start time: Sep 12 02:06 EDT
Output:
----------------------------------------------------------
0.41222947 10002224.609 21050634712282
<end of output>
Test time =   0.00 sec
----------------------------------------------------------
Test Pass Reason:
Required regular expression found.Regex=[^0.41222947 10002224.609 21050634712282[
]
]
"RhumbSolve2" end time: Sep 12 02:06 EDT
"RhumbSolve2" time elapsed: 00:00:00
----------------------------------------------------------

166/167 Testing: RhumbSolve3
166/167 Test: RhumbSolve3
Command: "/home/a/catkin_ws/src/GeographicLib-1.50.1/BUILD/tools/RhumbSolve" "-p" "3" "-i" "--input-string" "0 0 90 30" "-s"
Directory: /home/a/catkin_ws/src/GeographicLib-1.50.1/BUILD
"RhumbSolve3" start time: Sep 12 02:06 EDT
Output:
----------------------------------------------------------
0.41222947 10002224.609 21050634712282
<end of output>
Test time =   0.00 sec
----------------------------------------------------------
Test Pass Reason:
Required regular expression found.Regex=[^0.41222947 10002224.609 21050634712282[
]
]
"RhumbSolve3" end time: Sep 12 02:06 EDT
"RhumbSolve3" time elapsed: 00:00:00
----------------------------------------------------------

167/167 Testing: GeodesicProj0
167/167 Test: GeodesicProj0
Command: "/home/a/catkin_ws/src/GeographicLib-1.50.1/BUILD/tools/GeodesicProj" "-c" "0" "0" "-p" "3" "--input-string" "90 80"
Directory: /home/a/catkin_ws/src/GeographicLib-1.50.1/BUILD
"GeodesicProj0" start time: Sep 12 02:06 EDT
Output:
----------------------------------------------------------
0.000 10001965.729 170.00000000 1.000000000
<end of output>
Test time =   0.00 sec
----------------------------------------------------------
Test Pass Reason:
Required regular expression found.Regex=[^-?0\.0+ [0-9]+\.[0-9]+ 170\.0+ 
]
"GeodesicProj0" end time: Sep 12 02:06 EDT
"GeodesicProj0" time elapsed: 00:00:00
----------------------------------------------------------

End testing: Sep 12 02:06 EDT
